<testsuites id="" name="" tests="75" failures="75" skipped="0" errors="0" time="2.470697">
<testsuite name="demo-experience.spec.ts" timestamp="2025-08-05T04:21:58.900Z" hostname="chromium" tests="3" failures="3" skipped="0" time="0.009" errors="0">
<testcase name="Interactive Demo Experience › Demo page loads and functions correctly" classname="demo-experience.spec.ts" time="0.003">
<failure message="demo-experience.spec.ts:4:3 Demo page loads and functions correctly" type="FAILURE">
<![CDATA[  [chromium] › demo-experience.spec.ts:4:3 › Interactive Demo Experience › Demo page loads and functions correctly 

    Error: browserType.launch: Executable doesn't exist at /home/noob/.cache/ms-playwright/chromium_headless_shell-1181/chrome-linux/headless_shell
    ╔═════════════════════════════════════════════════════════════════════════╗
    ║ Looks like Playwright Test or Playwright was just installed or updated. ║
    ║ Please run the following command to download new browsers:              ║
    ║                                                                         ║
    ║     npx playwright install                                              ║
    ║                                                                         ║
    ║ <3 Playwright Team                                                      ║
    ╚═════════════════════════════════════════════════════════════════════════╝
]]>
</failure>
</testcase>
<testcase name="Interactive Demo Experience › Demo accessible from landing page" classname="demo-experience.spec.ts" time="0.001">
<failure message="demo-experience.spec.ts:76:3 Demo accessible from landing page" type="FAILURE">
<![CDATA[  [chromium] › demo-experience.spec.ts:76:3 › Interactive Demo Experience › Demo accessible from landing page 

    Error: browserType.launch: Executable doesn't exist at /home/noob/.cache/ms-playwright/chromium_headless_shell-1181/chrome-linux/headless_shell
    ╔═════════════════════════════════════════════════════════════════════════╗
    ║ Looks like Playwright Test or Playwright was just installed or updated. ║
    ║ Please run the following command to download new browsers:              ║
    ║                                                                         ║
    ║     npx playwright install                                              ║
    ║                                                                         ║
    ║ <3 Playwright Team                                                      ║
    ╚═════════════════════════════════════════════════════════════════════════╝
]]>
</failure>
</testcase>
<testcase name="Interactive Demo Experience › Demo works with different idea types" classname="demo-experience.spec.ts" time="0.005">
<failure message="demo-experience.spec.ts:94:3 Demo works with different idea types" type="FAILURE">
<![CDATA[  [chromium] › demo-experience.spec.ts:94:3 › Interactive Demo Experience › Demo works with different idea types 

    Error: browserType.launch: Executable doesn't exist at /home/noob/.cache/ms-playwright/chromium_headless_shell-1181/chrome-linux/headless_shell
    ╔═════════════════════════════════════════════════════════════════════════╗
    ║ Looks like Playwright Test or Playwright was just installed or updated. ║
    ║ Please run the following command to download new browsers:              ║
    ║                                                                         ║
    ║     npx playwright install                                              ║
    ║                                                                         ║
    ║ <3 Playwright Team                                                      ║
    ╚═════════════════════════════════════════════════════════════════════════╝
]]>
</failure>
</testcase>
</testsuite>
<testsuite name="mobile-experience.spec.ts" timestamp="2025-08-05T04:21:58.900Z" hostname="chromium" tests="3" failures="3" skipped="0" time="0.008" errors="0">
<testcase name="Mobile Experience Tests › Mobile landing page experience" classname="mobile-experience.spec.ts" time="0.002">
<failure message="mobile-experience.spec.ts:4:3 Mobile landing page experience" type="FAILURE">
<![CDATA[  [chromium] › mobile-experience.spec.ts:4:3 › Mobile Experience Tests › Mobile landing page experience 

    Error: browserType.launch: Executable doesn't exist at /home/noob/.cache/ms-playwright/chromium_headless_shell-1181/chrome-linux/headless_shell
    ╔═════════════════════════════════════════════════════════════════════════╗
    ║ Looks like Playwright Test or Playwright was just installed or updated. ║
    ║ Please run the following command to download new browsers:              ║
    ║                                                                         ║
    ║     npx playwright install                                              ║
    ║                                                                         ║
    ║ <3 Playwright Team                                                      ║
    ╚═════════════════════════════════════════════════════════════════════════╝
]]>
</failure>
</testcase>
<testcase name="Mobile Experience Tests › Mobile text readability" classname="mobile-experience.spec.ts" time="0.003">
<failure message="mobile-experience.spec.ts:67:3 Mobile text readability" type="FAILURE">
<![CDATA[  [chromium] › mobile-experience.spec.ts:67:3 › Mobile Experience Tests › Mobile text readability ──

    Error: browserType.launch: Executable doesn't exist at /home/noob/.cache/ms-playwright/chromium_headless_shell-1181/chrome-linux/headless_shell
    ╔═════════════════════════════════════════════════════════════════════════╗
    ║ Looks like Playwright Test or Playwright was just installed or updated. ║
    ║ Please run the following command to download new browsers:              ║
    ║                                                                         ║
    ║     npx playwright install                                              ║
    ║                                                                         ║
    ║ <3 Playwright Team                                                      ║
    ╚═════════════════════════════════════════════════════════════════════════╝
]]>
</failure>
</testcase>
<testcase name="Mobile Experience Tests › Mobile performance" classname="mobile-experience.spec.ts" time="0.003">
<failure message="mobile-experience.spec.ts:87:3 Mobile performance" type="FAILURE">
<![CDATA[  [chromium] › mobile-experience.spec.ts:87:3 › Mobile Experience Tests › Mobile performance ───────

    Error: browserType.launch: Executable doesn't exist at /home/noob/.cache/ms-playwright/chromium_headless_shell-1181/chrome-linux/headless_shell
    ╔═════════════════════════════════════════════════════════════════════════╗
    ║ Looks like Playwright Test or Playwright was just installed or updated. ║
    ║ Please run the following command to download new browsers:              ║
    ║                                                                         ║
    ║     npx playwright install                                              ║
    ║                                                                         ║
    ║ <3 Playwright Team                                                      ║
    ╚═════════════════════════════════════════════════════════════════════════╝
]]>
</failure>
</testcase>
</testsuite>
<testsuite name="pro-report.spec.ts" timestamp="2025-08-05T04:21:58.900Z" hostname="chromium" tests="7" failures="7" skipped="0" time="0.016" errors="0">
<testcase name="Pro Report Generation E2E Tests › should display pro report generation button for pro users" classname="pro-report.spec.ts" time="0.001">
<failure message="pro-report.spec.ts:49:3 should display pro report generation button for pro users" type="FAILURE">
<![CDATA[  [chromium] › pro-report.spec.ts:49:3 › Pro Report Generation E2E Tests › should display pro report generation button for pro users 

    Error: browserType.launch: Executable doesn't exist at /home/noob/.cache/ms-playwright/chromium_headless_shell-1181/chrome-linux/headless_shell
    ╔═════════════════════════════════════════════════════════════════════════╗
    ║ Looks like Playwright Test or Playwright was just installed or updated. ║
    ║ Please run the following command to download new browsers:              ║
    ║                                                                         ║
    ║     npx playwright install                                              ║
    ║                                                                         ║
    ║ <3 Playwright Team                                                      ║
    ╚═════════════════════════════════════════════════════════════════════════╝
]]>
</failure>
</testcase>
<testcase name="Pro Report Generation E2E Tests › should generate and display pro report" classname="pro-report.spec.ts" time="0.005">
<failure message="pro-report.spec.ts:61:3 should generate and display pro report" type="FAILURE">
<![CDATA[  [chromium] › pro-report.spec.ts:61:3 › Pro Report Generation E2E Tests › should generate and display pro report 

    Error: browserType.launch: Executable doesn't exist at /home/noob/.cache/ms-playwright/chromium_headless_shell-1181/chrome-linux/headless_shell
    ╔═════════════════════════════════════════════════════════════════════════╗
    ║ Looks like Playwright Test or Playwright was just installed or updated. ║
    ║ Please run the following command to download new browsers:              ║
    ║                                                                         ║
    ║     npx playwright install                                              ║
    ║                                                                         ║
    ║ <3 Playwright Team                                                      ║
    ╚═════════════════════════════════════════════════════════════════════════╝
]]>
</failure>
</testcase>
<testcase name="Pro Report Generation E2E Tests › should show upgrade prompt for free users" classname="pro-report.spec.ts" time="0.003">
<failure message="pro-report.spec.ts:291:3 should show upgrade prompt for free users" type="FAILURE">
<![CDATA[  [chromium] › pro-report.spec.ts:291:3 › Pro Report Generation E2E Tests › should show upgrade prompt for free users 

    Error: browserType.launch: Executable doesn't exist at /home/noob/.cache/ms-playwright/chromium_headless_shell-1181/chrome-linux/headless_shell
    ╔═════════════════════════════════════════════════════════════════════════╗
    ║ Looks like Playwright Test or Playwright was just installed or updated. ║
    ║ Please run the following command to download new browsers:              ║
    ║                                                                         ║
    ║     npx playwright install                                              ║
    ║                                                                         ║
    ║ <3 Playwright Team                                                      ║
    ╚═════════════════════════════════════════════════════════════════════════╝
]]>
</failure>
</testcase>
<testcase name="Pro Report Generation E2E Tests › should handle pro report generation errors" classname="pro-report.spec.ts" time="0.002">
<failure message="pro-report.spec.ts:317:3 should handle pro report generation errors" type="FAILURE">
<![CDATA[  [chromium] › pro-report.spec.ts:317:3 › Pro Report Generation E2E Tests › should handle pro report generation errors 

    Error: browserType.launch: Executable doesn't exist at /home/noob/.cache/ms-playwright/chromium_headless_shell-1181/chrome-linux/headless_shell
    ╔═════════════════════════════════════════════════════════════════════════╗
    ║ Looks like Playwright Test or Playwright was just installed or updated. ║
    ║ Please run the following command to download new browsers:              ║
    ║                                                                         ║
    ║     npx playwright install                                              ║
    ║                                                                         ║
    ║ <3 Playwright Team                                                      ║
    ╚═════════════════════════════════════════════════════════════════════════╝
]]>
</failure>
</testcase>
<testcase name="Pro Report Generation E2E Tests › should allow printing and exporting pro report" classname="pro-report.spec.ts" time="0.001">
<failure message="pro-report.spec.ts:346:3 should allow printing and exporting pro report" type="FAILURE">
<![CDATA[  [chromium] › pro-report.spec.ts:346:3 › Pro Report Generation E2E Tests › should allow printing and exporting pro report 

    Error: browserType.launch: Executable doesn't exist at /home/noob/.cache/ms-playwright/chromium_headless_shell-1181/chrome-linux/headless_shell
    ╔═════════════════════════════════════════════════════════════════════════╗
    ║ Looks like Playwright Test or Playwright was just installed or updated. ║
    ║ Please run the following command to download new browsers:              ║
    ║                                                                         ║
    ║     npx playwright install                                              ║
    ║                                                                         ║
    ║ <3 Playwright Team                                                      ║
    ╚═════════════════════════════════════════════════════════════════════════╝
]]>
</failure>
</testcase>
<testcase name="Pro Report Generation E2E Tests › should navigate through report sections" classname="pro-report.spec.ts" time="0.002">
<failure message="pro-report.spec.ts:378:3 should navigate through report sections" type="FAILURE">
<![CDATA[  [chromium] › pro-report.spec.ts:378:3 › Pro Report Generation E2E Tests › should navigate through report sections 

    Error: browserType.launch: Executable doesn't exist at /home/noob/.cache/ms-playwright/chromium_headless_shell-1181/chrome-linux/headless_shell
    ╔═════════════════════════════════════════════════════════════════════════╗
    ║ Looks like Playwright Test or Playwright was just installed or updated. ║
    ║ Please run the following command to download new browsers:              ║
    ║                                                                         ║
    ║     npx playwright install                                              ║
    ║                                                                         ║
    ║ <3 Playwright Team                                                      ║
    ╚═════════════════════════════════════════════════════════════════════════╝
]]>
</failure>
</testcase>
<testcase name="Privacy Settings E2E Tests › should open and update privacy settings" classname="pro-report.spec.ts" time="0.002">
<failure message="pro-report.spec.ts:415:3 should open and update privacy settings" type="FAILURE">
<![CDATA[  [chromium] › pro-report.spec.ts:415:3 › Privacy Settings E2E Tests › should open and update privacy settings 

    Error: browserType.launch: Executable doesn't exist at /home/noob/.cache/ms-playwright/chromium_headless_shell-1181/chrome-linux/headless_shell
    ╔═════════════════════════════════════════════════════════════════════════╗
    ║ Looks like Playwright Test or Playwright was just installed or updated. ║
    ║ Please run the following command to download new browsers:              ║
    ║                                                                         ║
    ║     npx playwright install                                              ║
    ║                                                                         ║
    ║ <3 Playwright Team                                                      ║
    ╚═════════════════════════════════════════════════════════════════════════╝
]]>
</failure>
</testcase>
</testsuite>
<testsuite name="user-experience-review.spec.ts" timestamp="2025-08-05T04:21:58.900Z" hostname="chromium" tests="2" failures="2" skipped="0" time="0.004" errors="0">
<testcase name="User Experience Review - Target Customer Journey › Complete user journey from landing to idea validation" classname="user-experience-review.spec.ts" time="0.002">
<failure message="user-experience-review.spec.ts:4:3 Complete user journey from landing to idea validation" type="FAILURE">
<![CDATA[  [chromium] › user-experience-review.spec.ts:4:3 › User Experience Review - Target Customer Journey › Complete user journey from landing to idea validation 

    Error: browserType.launch: Executable doesn't exist at /home/noob/.cache/ms-playwright/chromium_headless_shell-1181/chrome-linux/headless_shell
    ╔═════════════════════════════════════════════════════════════════════════╗
    ║ Looks like Playwright Test or Playwright was just installed or updated. ║
    ║ Please run the following command to download new browsers:              ║
    ║                                                                         ║
    ║     npx playwright install                                              ║
    ║                                                                         ║
    ║ <3 Playwright Team                                                      ║
    ╚═════════════════════════════════════════════════════════════════════════╝
]]>
</failure>
</testcase>
<testcase name="User Experience Review - Target Customer Journey › Test accessibility and performance" classname="user-experience-review.spec.ts" time="0.002">
<failure message="user-experience-review.spec.ts:182:3 Test accessibility and performance" type="FAILURE">
<![CDATA[  [chromium] › user-experience-review.spec.ts:182:3 › User Experience Review - Target Customer Journey › Test accessibility and performance 

    Error: browserType.launch: Executable doesn't exist at /home/noob/.cache/ms-playwright/chromium_headless_shell-1181/chrome-linux/headless_shell
    ╔═════════════════════════════════════════════════════════════════════════╗
    ║ Looks like Playwright Test or Playwright was just installed or updated. ║
    ║ Please run the following command to download new browsers:              ║
    ║                                                                         ║
    ║     npx playwright install                                              ║
    ║                                                                         ║
    ║ <3 Playwright Team                                                      ║
    ╚═════════════════════════════════════════════════════════════════════════╝
]]>
</failure>
</testcase>
</testsuite>
<testsuite name="demo-experience.spec.ts" timestamp="2025-08-05T04:21:58.900Z" hostname="firefox" tests="3" failures="3" skipped="0" time="0.006" errors="0">
<testcase name="Interactive Demo Experience › Demo page loads and functions correctly" classname="demo-experience.spec.ts" time="0.002">
<failure message="demo-experience.spec.ts:4:3 Demo page loads and functions correctly" type="FAILURE">
<![CDATA[  [firefox] › demo-experience.spec.ts:4:3 › Interactive Demo Experience › Demo page loads and functions correctly 

    Error: browserType.launch: Executable doesn't exist at /home/noob/.cache/ms-playwright/firefox-1489/firefox/firefox
    ╔═════════════════════════════════════════════════════════════════════════╗
    ║ Looks like Playwright Test or Playwright was just installed or updated. ║
    ║ Please run the following command to download new browsers:              ║
    ║                                                                         ║
    ║     npx playwright install                                              ║
    ║                                                                         ║
    ║ <3 Playwright Team                                                      ║
    ╚═════════════════════════════════════════════════════════════════════════╝
]]>
</failure>
</testcase>
<testcase name="Interactive Demo Experience › Demo accessible from landing page" classname="demo-experience.spec.ts" time="0.002">
<failure message="demo-experience.spec.ts:76:3 Demo accessible from landing page" type="FAILURE">
<![CDATA[  [firefox] › demo-experience.spec.ts:76:3 › Interactive Demo Experience › Demo accessible from landing page 

    Error: browserType.launch: Executable doesn't exist at /home/noob/.cache/ms-playwright/firefox-1489/firefox/firefox
    ╔═════════════════════════════════════════════════════════════════════════╗
    ║ Looks like Playwright Test or Playwright was just installed or updated. ║
    ║ Please run the following command to download new browsers:              ║
    ║                                                                         ║
    ║     npx playwright install                                              ║
    ║                                                                         ║
    ║ <3 Playwright Team                                                      ║
    ╚═════════════════════════════════════════════════════════════════════════╝
]]>
</failure>
</testcase>
<testcase name="Interactive Demo Experience › Demo works with different idea types" classname="demo-experience.spec.ts" time="0.002">
<failure message="demo-experience.spec.ts:94:3 Demo works with different idea types" type="FAILURE">
<![CDATA[  [firefox] › demo-experience.spec.ts:94:3 › Interactive Demo Experience › Demo works with different idea types 

    Error: browserType.launch: Executable doesn't exist at /home/noob/.cache/ms-playwright/firefox-1489/firefox/firefox
    ╔═════════════════════════════════════════════════════════════════════════╗
    ║ Looks like Playwright Test or Playwright was just installed or updated. ║
    ║ Please run the following command to download new browsers:              ║
    ║                                                                         ║
    ║     npx playwright install                                              ║
    ║                                                                         ║
    ║ <3 Playwright Team                                                      ║
    ╚═════════════════════════════════════════════════════════════════════════╝
]]>
</failure>
</testcase>
</testsuite>
<testsuite name="mobile-experience.spec.ts" timestamp="2025-08-05T04:21:58.900Z" hostname="firefox" tests="3" failures="3" skipped="0" time="0.005" errors="0">
<testcase name="Mobile Experience Tests › Mobile landing page experience" classname="mobile-experience.spec.ts" time="0.001">
<failure message="mobile-experience.spec.ts:4:3 Mobile landing page experience" type="FAILURE">
<![CDATA[  [firefox] › mobile-experience.spec.ts:4:3 › Mobile Experience Tests › Mobile landing page experience 

    Error: browserType.launch: Executable doesn't exist at /home/noob/.cache/ms-playwright/firefox-1489/firefox/firefox
    ╔═════════════════════════════════════════════════════════════════════════╗
    ║ Looks like Playwright Test or Playwright was just installed or updated. ║
    ║ Please run the following command to download new browsers:              ║
    ║                                                                         ║
    ║     npx playwright install                                              ║
    ║                                                                         ║
    ║ <3 Playwright Team                                                      ║
    ╚═════════════════════════════════════════════════════════════════════════╝
]]>
</failure>
</testcase>
<testcase name="Mobile Experience Tests › Mobile text readability" classname="mobile-experience.spec.ts" time="0.002">
<failure message="mobile-experience.spec.ts:67:3 Mobile text readability" type="FAILURE">
<![CDATA[  [firefox] › mobile-experience.spec.ts:67:3 › Mobile Experience Tests › Mobile text readability ───

    Error: browserType.launch: Executable doesn't exist at /home/noob/.cache/ms-playwright/firefox-1489/firefox/firefox
    ╔═════════════════════════════════════════════════════════════════════════╗
    ║ Looks like Playwright Test or Playwright was just installed or updated. ║
    ║ Please run the following command to download new browsers:              ║
    ║                                                                         ║
    ║     npx playwright install                                              ║
    ║                                                                         ║
    ║ <3 Playwright Team                                                      ║
    ╚═════════════════════════════════════════════════════════════════════════╝
]]>
</failure>
</testcase>
<testcase name="Mobile Experience Tests › Mobile performance" classname="mobile-experience.spec.ts" time="0.002">
<failure message="mobile-experience.spec.ts:87:3 Mobile performance" type="FAILURE">
<![CDATA[  [firefox] › mobile-experience.spec.ts:87:3 › Mobile Experience Tests › Mobile performance ────────

    Error: browserType.launch: Executable doesn't exist at /home/noob/.cache/ms-playwright/firefox-1489/firefox/firefox
    ╔═════════════════════════════════════════════════════════════════════════╗
    ║ Looks like Playwright Test or Playwright was just installed or updated. ║
    ║ Please run the following command to download new browsers:              ║
    ║                                                                         ║
    ║     npx playwright install                                              ║
    ║                                                                         ║
    ║ <3 Playwright Team                                                      ║
    ╚═════════════════════════════════════════════════════════════════════════╝
]]>
</failure>
</testcase>
</testsuite>
<testsuite name="pro-report.spec.ts" timestamp="2025-08-05T04:21:58.900Z" hostname="firefox" tests="7" failures="7" skipped="0" time="0.017" errors="0">
<testcase name="Pro Report Generation E2E Tests › should display pro report generation button for pro users" classname="pro-report.spec.ts" time="0.003">
<failure message="pro-report.spec.ts:49:3 should display pro report generation button for pro users" type="FAILURE">
<![CDATA[  [firefox] › pro-report.spec.ts:49:3 › Pro Report Generation E2E Tests › should display pro report generation button for pro users 

    Error: browserType.launch: Executable doesn't exist at /home/noob/.cache/ms-playwright/firefox-1489/firefox/firefox
    ╔═════════════════════════════════════════════════════════════════════════╗
    ║ Looks like Playwright Test or Playwright was just installed or updated. ║
    ║ Please run the following command to download new browsers:              ║
    ║                                                                         ║
    ║     npx playwright install                                              ║
    ║                                                                         ║
    ║ <3 Playwright Team                                                      ║
    ╚═════════════════════════════════════════════════════════════════════════╝
]]>
</failure>
</testcase>
<testcase name="Pro Report Generation E2E Tests › should generate and display pro report" classname="pro-report.spec.ts" time="0.003">
<failure message="pro-report.spec.ts:61:3 should generate and display pro report" type="FAILURE">
<![CDATA[  [firefox] › pro-report.spec.ts:61:3 › Pro Report Generation E2E Tests › should generate and display pro report 

    Error: browserType.launch: Executable doesn't exist at /home/noob/.cache/ms-playwright/firefox-1489/firefox/firefox
    ╔═════════════════════════════════════════════════════════════════════════╗
    ║ Looks like Playwright Test or Playwright was just installed or updated. ║
    ║ Please run the following command to download new browsers:              ║
    ║                                                                         ║
    ║     npx playwright install                                              ║
    ║                                                                         ║
    ║ <3 Playwright Team                                                      ║
    ╚═════════════════════════════════════════════════════════════════════════╝
]]>
</failure>
</testcase>
<testcase name="Pro Report Generation E2E Tests › should show upgrade prompt for free users" classname="pro-report.spec.ts" time="0.002">
<failure message="pro-report.spec.ts:291:3 should show upgrade prompt for free users" type="FAILURE">
<![CDATA[  [firefox] › pro-report.spec.ts:291:3 › Pro Report Generation E2E Tests › should show upgrade prompt for free users 

    Error: browserType.launch: Executable doesn't exist at /home/noob/.cache/ms-playwright/firefox-1489/firefox/firefox
    ╔═════════════════════════════════════════════════════════════════════════╗
    ║ Looks like Playwright Test or Playwright was just installed or updated. ║
    ║ Please run the following command to download new browsers:              ║
    ║                                                                         ║
    ║     npx playwright install                                              ║
    ║                                                                         ║
    ║ <3 Playwright Team                                                      ║
    ╚═════════════════════════════════════════════════════════════════════════╝
]]>
</failure>
</testcase>
<testcase name="Pro Report Generation E2E Tests › should handle pro report generation errors" classname="pro-report.spec.ts" time="0.002">
<failure message="pro-report.spec.ts:317:3 should handle pro report generation errors" type="FAILURE">
<![CDATA[  [firefox] › pro-report.spec.ts:317:3 › Pro Report Generation E2E Tests › should handle pro report generation errors 

    Error: browserType.launch: Executable doesn't exist at /home/noob/.cache/ms-playwright/firefox-1489/firefox/firefox
    ╔═════════════════════════════════════════════════════════════════════════╗
    ║ Looks like Playwright Test or Playwright was just installed or updated. ║
    ║ Please run the following command to download new browsers:              ║
    ║                                                                         ║
    ║     npx playwright install                                              ║
    ║                                                                         ║
    ║ <3 Playwright Team                                                      ║
    ╚═════════════════════════════════════════════════════════════════════════╝
]]>
</failure>
</testcase>
<testcase name="Pro Report Generation E2E Tests › should allow printing and exporting pro report" classname="pro-report.spec.ts" time="0.001">
<failure message="pro-report.spec.ts:346:3 should allow printing and exporting pro report" type="FAILURE">
<![CDATA[  [firefox] › pro-report.spec.ts:346:3 › Pro Report Generation E2E Tests › should allow printing and exporting pro report 

    Error: browserType.launch: Executable doesn't exist at /home/noob/.cache/ms-playwright/firefox-1489/firefox/firefox
    ╔═════════════════════════════════════════════════════════════════════════╗
    ║ Looks like Playwright Test or Playwright was just installed or updated. ║
    ║ Please run the following command to download new browsers:              ║
    ║                                                                         ║
    ║     npx playwright install                                              ║
    ║                                                                         ║
    ║ <3 Playwright Team                                                      ║
    ╚═════════════════════════════════════════════════════════════════════════╝
]]>
</failure>
</testcase>
<testcase name="Pro Report Generation E2E Tests › should navigate through report sections" classname="pro-report.spec.ts" time="0.003">
<failure message="pro-report.spec.ts:378:3 should navigate through report sections" type="FAILURE">
<![CDATA[  [firefox] › pro-report.spec.ts:378:3 › Pro Report Generation E2E Tests › should navigate through report sections 

    Error: browserType.launch: Executable doesn't exist at /home/noob/.cache/ms-playwright/firefox-1489/firefox/firefox
    ╔═════════════════════════════════════════════════════════════════════════╗
    ║ Looks like Playwright Test or Playwright was just installed or updated. ║
    ║ Please run the following command to download new browsers:              ║
    ║                                                                         ║
    ║     npx playwright install                                              ║
    ║                                                                         ║
    ║ <3 Playwright Team                                                      ║
    ╚═════════════════════════════════════════════════════════════════════════╝
]]>
</failure>
</testcase>
<testcase name="Privacy Settings E2E Tests › should open and update privacy settings" classname="pro-report.spec.ts" time="0.003">
<failure message="pro-report.spec.ts:415:3 should open and update privacy settings" type="FAILURE">
<![CDATA[  [firefox] › pro-report.spec.ts:415:3 › Privacy Settings E2E Tests › should open and update privacy settings 

    Error: browserType.launch: Executable doesn't exist at /home/noob/.cache/ms-playwright/firefox-1489/firefox/firefox
    ╔═════════════════════════════════════════════════════════════════════════╗
    ║ Looks like Playwright Test or Playwright was just installed or updated. ║
    ║ Please run the following command to download new browsers:              ║
    ║                                                                         ║
    ║     npx playwright install                                              ║
    ║                                                                         ║
    ║ <3 Playwright Team                                                      ║
    ╚═════════════════════════════════════════════════════════════════════════╝
]]>
</failure>
</testcase>
</testsuite>
<testsuite name="user-experience-review.spec.ts" timestamp="2025-08-05T04:21:58.900Z" hostname="firefox" tests="2" failures="2" skipped="0" time="0.005" errors="0">
<testcase name="User Experience Review - Target Customer Journey › Complete user journey from landing to idea validation" classname="user-experience-review.spec.ts" time="0.002">
<failure message="user-experience-review.spec.ts:4:3 Complete user journey from landing to idea validation" type="FAILURE">
<![CDATA[  [firefox] › user-experience-review.spec.ts:4:3 › User Experience Review - Target Customer Journey › Complete user journey from landing to idea validation 

    Error: browserType.launch: Executable doesn't exist at /home/noob/.cache/ms-playwright/firefox-1489/firefox/firefox
    ╔═════════════════════════════════════════════════════════════════════════╗
    ║ Looks like Playwright Test or Playwright was just installed or updated. ║
    ║ Please run the following command to download new browsers:              ║
    ║                                                                         ║
    ║     npx playwright install                                              ║
    ║                                                                         ║
    ║ <3 Playwright Team                                                      ║
    ╚═════════════════════════════════════════════════════════════════════════╝
]]>
</failure>
</testcase>
<testcase name="User Experience Review - Target Customer Journey › Test accessibility and performance" classname="user-experience-review.spec.ts" time="0.003">
<failure message="user-experience-review.spec.ts:182:3 Test accessibility and performance" type="FAILURE">
<![CDATA[  [firefox] › user-experience-review.spec.ts:182:3 › User Experience Review - Target Customer Journey › Test accessibility and performance 

    Error: browserType.launch: Executable doesn't exist at /home/noob/.cache/ms-playwright/firefox-1489/firefox/firefox
    ╔═════════════════════════════════════════════════════════════════════════╗
    ║ Looks like Playwright Test or Playwright was just installed or updated. ║
    ║ Please run the following command to download new browsers:              ║
    ║                                                                         ║
    ║     npx playwright install                                              ║
    ║                                                                         ║
    ║ <3 Playwright Team                                                      ║
    ╚═════════════════════════════════════════════════════════════════════════╝
]]>
</failure>
</testcase>
</testsuite>
<testsuite name="demo-experience.spec.ts" timestamp="2025-08-05T04:21:58.900Z" hostname="webkit" tests="3" failures="3" skipped="0" time="0.006" errors="0">
<testcase name="Interactive Demo Experience › Demo page loads and functions correctly" classname="demo-experience.spec.ts" time="0.002">
<failure message="demo-experience.spec.ts:4:3 Demo page loads and functions correctly" type="FAILURE">
<![CDATA[  [webkit] › demo-experience.spec.ts:4:3 › Interactive Demo Experience › Demo page loads and functions correctly 

    Error: browserType.launch: Executable doesn't exist at /home/noob/.cache/ms-playwright/webkit-2191/pw_run.sh
    ╔═════════════════════════════════════════════════════════════════════════╗
    ║ Looks like Playwright Test or Playwright was just installed or updated. ║
    ║ Please run the following command to download new browsers:              ║
    ║                                                                         ║
    ║     npx playwright install                                              ║
    ║                                                                         ║
    ║ <3 Playwright Team                                                      ║
    ╚═════════════════════════════════════════════════════════════════════════╝
]]>
</failure>
</testcase>
<testcase name="Interactive Demo Experience › Demo accessible from landing page" classname="demo-experience.spec.ts" time="0.002">
<failure message="demo-experience.spec.ts:76:3 Demo accessible from landing page" type="FAILURE">
<![CDATA[  [webkit] › demo-experience.spec.ts:76:3 › Interactive Demo Experience › Demo accessible from landing page 

    Error: browserType.launch: Executable doesn't exist at /home/noob/.cache/ms-playwright/webkit-2191/pw_run.sh
    ╔═════════════════════════════════════════════════════════════════════════╗
    ║ Looks like Playwright Test or Playwright was just installed or updated. ║
    ║ Please run the following command to download new browsers:              ║
    ║                                                                         ║
    ║     npx playwright install                                              ║
    ║                                                                         ║
    ║ <3 Playwright Team                                                      ║
    ╚═════════════════════════════════════════════════════════════════════════╝
]]>
</failure>
</testcase>
<testcase name="Interactive Demo Experience › Demo works with different idea types" classname="demo-experience.spec.ts" time="0.002">
<failure message="demo-experience.spec.ts:94:3 Demo works with different idea types" type="FAILURE">
<![CDATA[  [webkit] › demo-experience.spec.ts:94:3 › Interactive Demo Experience › Demo works with different idea types 

    Error: browserType.launch: Executable doesn't exist at /home/noob/.cache/ms-playwright/webkit-2191/pw_run.sh
    ╔═════════════════════════════════════════════════════════════════════════╗
    ║ Looks like Playwright Test or Playwright was just installed or updated. ║
    ║ Please run the following command to download new browsers:              ║
    ║                                                                         ║
    ║     npx playwright install                                              ║
    ║                                                                         ║
    ║ <3 Playwright Team                                                      ║
    ╚═════════════════════════════════════════════════════════════════════════╝
]]>
</failure>
</testcase>
</testsuite>
<testsuite name="mobile-experience.spec.ts" timestamp="2025-08-05T04:21:58.900Z" hostname="webkit" tests="3" failures="3" skipped="0" time="0.003" errors="0">
<testcase name="Mobile Experience Tests › Mobile landing page experience" classname="mobile-experience.spec.ts" time="0.001">
<failure message="mobile-experience.spec.ts:4:3 Mobile landing page experience" type="FAILURE">
<![CDATA[  [webkit] › mobile-experience.spec.ts:4:3 › Mobile Experience Tests › Mobile landing page experience 

    Error: browserType.launch: Executable doesn't exist at /home/noob/.cache/ms-playwright/webkit-2191/pw_run.sh
    ╔═════════════════════════════════════════════════════════════════════════╗
    ║ Looks like Playwright Test or Playwright was just installed or updated. ║
    ║ Please run the following command to download new browsers:              ║
    ║                                                                         ║
    ║     npx playwright install                                              ║
    ║                                                                         ║
    ║ <3 Playwright Team                                                      ║
    ╚═════════════════════════════════════════════════════════════════════════╝
]]>
</failure>
</testcase>
<testcase name="Mobile Experience Tests › Mobile text readability" classname="mobile-experience.spec.ts" time="0.001">
<failure message="mobile-experience.spec.ts:67:3 Mobile text readability" type="FAILURE">
<![CDATA[  [webkit] › mobile-experience.spec.ts:67:3 › Mobile Experience Tests › Mobile text readability ────

    Error: browserType.launch: Executable doesn't exist at /home/noob/.cache/ms-playwright/webkit-2191/pw_run.sh
    ╔═════════════════════════════════════════════════════════════════════════╗
    ║ Looks like Playwright Test or Playwright was just installed or updated. ║
    ║ Please run the following command to download new browsers:              ║
    ║                                                                         ║
    ║     npx playwright install                                              ║
    ║                                                                         ║
    ║ <3 Playwright Team                                                      ║
    ╚═════════════════════════════════════════════════════════════════════════╝
]]>
</failure>
</testcase>
<testcase name="Mobile Experience Tests › Mobile performance" classname="mobile-experience.spec.ts" time="0.001">
<failure message="mobile-experience.spec.ts:87:3 Mobile performance" type="FAILURE">
<![CDATA[  [webkit] › mobile-experience.spec.ts:87:3 › Mobile Experience Tests › Mobile performance ─────────

    Error: browserType.launch: Executable doesn't exist at /home/noob/.cache/ms-playwright/webkit-2191/pw_run.sh
    ╔═════════════════════════════════════════════════════════════════════════╗
    ║ Looks like Playwright Test or Playwright was just installed or updated. ║
    ║ Please run the following command to download new browsers:              ║
    ║                                                                         ║
    ║     npx playwright install                                              ║
    ║                                                                         ║
    ║ <3 Playwright Team                                                      ║
    ╚═════════════════════════════════════════════════════════════════════════╝
]]>
</failure>
</testcase>
</testsuite>
<testsuite name="pro-report.spec.ts" timestamp="2025-08-05T04:21:58.900Z" hostname="webkit" tests="7" failures="7" skipped="0" time="0.021" errors="0">
<testcase name="Pro Report Generation E2E Tests › should display pro report generation button for pro users" classname="pro-report.spec.ts" time="0.001">
<failure message="pro-report.spec.ts:49:3 should display pro report generation button for pro users" type="FAILURE">
<![CDATA[  [webkit] › pro-report.spec.ts:49:3 › Pro Report Generation E2E Tests › should display pro report generation button for pro users 

    Error: browserType.launch: Executable doesn't exist at /home/noob/.cache/ms-playwright/webkit-2191/pw_run.sh
    ╔═════════════════════════════════════════════════════════════════════════╗
    ║ Looks like Playwright Test or Playwright was just installed or updated. ║
    ║ Please run the following command to download new browsers:              ║
    ║                                                                         ║
    ║     npx playwright install                                              ║
    ║                                                                         ║
    ║ <3 Playwright Team                                                      ║
    ╚═════════════════════════════════════════════════════════════════════════╝
]]>
</failure>
</testcase>
<testcase name="Pro Report Generation E2E Tests › should generate and display pro report" classname="pro-report.spec.ts" time="0.003">
<failure message="pro-report.spec.ts:61:3 should generate and display pro report" type="FAILURE">
<![CDATA[  [webkit] › pro-report.spec.ts:61:3 › Pro Report Generation E2E Tests › should generate and display pro report 

    Error: browserType.launch: Executable doesn't exist at /home/noob/.cache/ms-playwright/webkit-2191/pw_run.sh
    ╔═════════════════════════════════════════════════════════════════════════╗
    ║ Looks like Playwright Test or Playwright was just installed or updated. ║
    ║ Please run the following command to download new browsers:              ║
    ║                                                                         ║
    ║     npx playwright install                                              ║
    ║                                                                         ║
    ║ <3 Playwright Team                                                      ║
    ╚═════════════════════════════════════════════════════════════════════════╝
]]>
</failure>
</testcase>
<testcase name="Pro Report Generation E2E Tests › should show upgrade prompt for free users" classname="pro-report.spec.ts" time="0.003">
<failure message="pro-report.spec.ts:291:3 should show upgrade prompt for free users" type="FAILURE">
<![CDATA[  [webkit] › pro-report.spec.ts:291:3 › Pro Report Generation E2E Tests › should show upgrade prompt for free users 

    Error: browserType.launch: Executable doesn't exist at /home/noob/.cache/ms-playwright/webkit-2191/pw_run.sh
    ╔═════════════════════════════════════════════════════════════════════════╗
    ║ Looks like Playwright Test or Playwright was just installed or updated. ║
    ║ Please run the following command to download new browsers:              ║
    ║                                                                         ║
    ║     npx playwright install                                              ║
    ║                                                                         ║
    ║ <3 Playwright Team                                                      ║
    ╚═════════════════════════════════════════════════════════════════════════╝
]]>
</failure>
</testcase>
<testcase name="Pro Report Generation E2E Tests › should handle pro report generation errors" classname="pro-report.spec.ts" time="0.005">
<failure message="pro-report.spec.ts:317:3 should handle pro report generation errors" type="FAILURE">
<![CDATA[  [webkit] › pro-report.spec.ts:317:3 › Pro Report Generation E2E Tests › should handle pro report generation errors 

    Error: browserType.launch: Executable doesn't exist at /home/noob/.cache/ms-playwright/webkit-2191/pw_run.sh
    ╔═════════════════════════════════════════════════════════════════════════╗
    ║ Looks like Playwright Test or Playwright was just installed or updated. ║
    ║ Please run the following command to download new browsers:              ║
    ║                                                                         ║
    ║     npx playwright install                                              ║
    ║                                                                         ║
    ║ <3 Playwright Team                                                      ║
    ╚═════════════════════════════════════════════════════════════════════════╝
]]>
</failure>
</testcase>
<testcase name="Pro Report Generation E2E Tests › should allow printing and exporting pro report" classname="pro-report.spec.ts" time="0.003">
<failure message="pro-report.spec.ts:346:3 should allow printing and exporting pro report" type="FAILURE">
<![CDATA[  [webkit] › pro-report.spec.ts:346:3 › Pro Report Generation E2E Tests › should allow printing and exporting pro report 

    Error: browserType.launch: Executable doesn't exist at /home/noob/.cache/ms-playwright/webkit-2191/pw_run.sh
    ╔═════════════════════════════════════════════════════════════════════════╗
    ║ Looks like Playwright Test or Playwright was just installed or updated. ║
    ║ Please run the following command to download new browsers:              ║
    ║                                                                         ║
    ║     npx playwright install                                              ║
    ║                                                                         ║
    ║ <3 Playwright Team                                                      ║
    ╚═════════════════════════════════════════════════════════════════════════╝
]]>
</failure>
</testcase>
<testcase name="Pro Report Generation E2E Tests › should navigate through report sections" classname="pro-report.spec.ts" time="0.003">
<failure message="pro-report.spec.ts:378:3 should navigate through report sections" type="FAILURE">
<![CDATA[  [webkit] › pro-report.spec.ts:378:3 › Pro Report Generation E2E Tests › should navigate through report sections 

    Error: browserType.launch: Executable doesn't exist at /home/noob/.cache/ms-playwright/webkit-2191/pw_run.sh
    ╔═════════════════════════════════════════════════════════════════════════╗
    ║ Looks like Playwright Test or Playwright was just installed or updated. ║
    ║ Please run the following command to download new browsers:              ║
    ║                                                                         ║
    ║     npx playwright install                                              ║
    ║                                                                         ║
    ║ <3 Playwright Team                                                      ║
    ╚═════════════════════════════════════════════════════════════════════════╝
]]>
</failure>
</testcase>
<testcase name="Privacy Settings E2E Tests › should open and update privacy settings" classname="pro-report.spec.ts" time="0.003">
<failure message="pro-report.spec.ts:415:3 should open and update privacy settings" type="FAILURE">
<![CDATA[  [webkit] › pro-report.spec.ts:415:3 › Privacy Settings E2E Tests › should open and update privacy settings 

    Error: browserType.launch: Executable doesn't exist at /home/noob/.cache/ms-playwright/webkit-2191/pw_run.sh
    ╔═════════════════════════════════════════════════════════════════════════╗
    ║ Looks like Playwright Test or Playwright was just installed or updated. ║
    ║ Please run the following command to download new browsers:              ║
    ║                                                                         ║
    ║     npx playwright install                                              ║
    ║                                                                         ║
    ║ <3 Playwright Team                                                      ║
    ╚═════════════════════════════════════════════════════════════════════════╝
]]>
</failure>
</testcase>
</testsuite>
<testsuite name="user-experience-review.spec.ts" timestamp="2025-08-05T04:21:58.900Z" hostname="webkit" tests="2" failures="2" skipped="0" time="0.004" errors="0">
<testcase name="User Experience Review - Target Customer Journey › Complete user journey from landing to idea validation" classname="user-experience-review.spec.ts" time="0.003">
<failure message="user-experience-review.spec.ts:4:3 Complete user journey from landing to idea validation" type="FAILURE">
<![CDATA[  [webkit] › user-experience-review.spec.ts:4:3 › User Experience Review - Target Customer Journey › Complete user journey from landing to idea validation 

    Error: browserType.launch: Executable doesn't exist at /home/noob/.cache/ms-playwright/webkit-2191/pw_run.sh
    ╔═════════════════════════════════════════════════════════════════════════╗
    ║ Looks like Playwright Test or Playwright was just installed or updated. ║
    ║ Please run the following command to download new browsers:              ║
    ║                                                                         ║
    ║     npx playwright install                                              ║
    ║                                                                         ║
    ║ <3 Playwright Team                                                      ║
    ╚═════════════════════════════════════════════════════════════════════════╝
]]>
</failure>
</testcase>
<testcase name="User Experience Review - Target Customer Journey › Test accessibility and performance" classname="user-experience-review.spec.ts" time="0.001">
<failure message="user-experience-review.spec.ts:182:3 Test accessibility and performance" type="FAILURE">
<![CDATA[  [webkit] › user-experience-review.spec.ts:182:3 › User Experience Review - Target Customer Journey › Test accessibility and performance 

    Error: browserType.launch: Executable doesn't exist at /home/noob/.cache/ms-playwright/webkit-2191/pw_run.sh
    ╔═════════════════════════════════════════════════════════════════════════╗
    ║ Looks like Playwright Test or Playwright was just installed or updated. ║
    ║ Please run the following command to download new browsers:              ║
    ║                                                                         ║
    ║     npx playwright install                                              ║
    ║                                                                         ║
    ║ <3 Playwright Team                                                      ║
    ╚═════════════════════════════════════════════════════════════════════════╝
]]>
</failure>
</testcase>
</testsuite>
<testsuite name="demo-experience.spec.ts" timestamp="2025-08-05T04:21:58.900Z" hostname="Mobile Chrome" tests="3" failures="3" skipped="0" time="0.007" errors="0">
<testcase name="Interactive Demo Experience › Demo page loads and functions correctly" classname="demo-experience.spec.ts" time="0.001">
<failure message="demo-experience.spec.ts:4:3 Demo page loads and functions correctly" type="FAILURE">
<![CDATA[  [Mobile Chrome] › demo-experience.spec.ts:4:3 › Interactive Demo Experience › Demo page loads and functions correctly 

    Error: browserType.launch: Executable doesn't exist at /home/noob/.cache/ms-playwright/chromium_headless_shell-1181/chrome-linux/headless_shell
    ╔═════════════════════════════════════════════════════════════════════════╗
    ║ Looks like Playwright Test or Playwright was just installed or updated. ║
    ║ Please run the following command to download new browsers:              ║
    ║                                                                         ║
    ║     npx playwright install                                              ║
    ║                                                                         ║
    ║ <3 Playwright Team                                                      ║
    ╚═════════════════════════════════════════════════════════════════════════╝
]]>
</failure>
</testcase>
<testcase name="Interactive Demo Experience › Demo accessible from landing page" classname="demo-experience.spec.ts" time="0.003">
<failure message="demo-experience.spec.ts:76:3 Demo accessible from landing page" type="FAILURE">
<![CDATA[  [Mobile Chrome] › demo-experience.spec.ts:76:3 › Interactive Demo Experience › Demo accessible from landing page 

    Error: browserType.launch: Executable doesn't exist at /home/noob/.cache/ms-playwright/chromium_headless_shell-1181/chrome-linux/headless_shell
    ╔═════════════════════════════════════════════════════════════════════════╗
    ║ Looks like Playwright Test or Playwright was just installed or updated. ║
    ║ Please run the following command to download new browsers:              ║
    ║                                                                         ║
    ║     npx playwright install                                              ║
    ║                                                                         ║
    ║ <3 Playwright Team                                                      ║
    ╚═════════════════════════════════════════════════════════════════════════╝
]]>
</failure>
</testcase>
<testcase name="Interactive Demo Experience › Demo works with different idea types" classname="demo-experience.spec.ts" time="0.003">
<failure message="demo-experience.spec.ts:94:3 Demo works with different idea types" type="FAILURE">
<![CDATA[  [Mobile Chrome] › demo-experience.spec.ts:94:3 › Interactive Demo Experience › Demo works with different idea types 

    Error: browserType.launch: Executable doesn't exist at /home/noob/.cache/ms-playwright/chromium_headless_shell-1181/chrome-linux/headless_shell
    ╔═════════════════════════════════════════════════════════════════════════╗
    ║ Looks like Playwright Test or Playwright was just installed or updated. ║
    ║ Please run the following command to download new browsers:              ║
    ║                                                                         ║
    ║     npx playwright install                                              ║
    ║                                                                         ║
    ║ <3 Playwright Team                                                      ║
    ╚═════════════════════════════════════════════════════════════════════════╝
]]>
</failure>
</testcase>
</testsuite>
<testsuite name="mobile-experience.spec.ts" timestamp="2025-08-05T04:21:58.900Z" hostname="Mobile Chrome" tests="3" failures="3" skipped="0" time="0.008" errors="0">
<testcase name="Mobile Experience Tests › Mobile landing page experience" classname="mobile-experience.spec.ts" time="0.003">
<failure message="mobile-experience.spec.ts:4:3 Mobile landing page experience" type="FAILURE">
<![CDATA[  [Mobile Chrome] › mobile-experience.spec.ts:4:3 › Mobile Experience Tests › Mobile landing page experience 

    Error: browserType.launch: Executable doesn't exist at /home/noob/.cache/ms-playwright/chromium_headless_shell-1181/chrome-linux/headless_shell
    ╔═════════════════════════════════════════════════════════════════════════╗
    ║ Looks like Playwright Test or Playwright was just installed or updated. ║
    ║ Please run the following command to download new browsers:              ║
    ║                                                                         ║
    ║     npx playwright install                                              ║
    ║                                                                         ║
    ║ <3 Playwright Team                                                      ║
    ╚═════════════════════════════════════════════════════════════════════════╝
]]>
</failure>
</testcase>
<testcase name="Mobile Experience Tests › Mobile text readability" classname="mobile-experience.spec.ts" time="0.002">
<failure message="mobile-experience.spec.ts:67:3 Mobile text readability" type="FAILURE">
<![CDATA[  [Mobile Chrome] › mobile-experience.spec.ts:67:3 › Mobile Experience Tests › Mobile text readability 

    Error: browserType.launch: Executable doesn't exist at /home/noob/.cache/ms-playwright/chromium_headless_shell-1181/chrome-linux/headless_shell
    ╔═════════════════════════════════════════════════════════════════════════╗
    ║ Looks like Playwright Test or Playwright was just installed or updated. ║
    ║ Please run the following command to download new browsers:              ║
    ║                                                                         ║
    ║     npx playwright install                                              ║
    ║                                                                         ║
    ║ <3 Playwright Team                                                      ║
    ╚═════════════════════════════════════════════════════════════════════════╝
]]>
</failure>
</testcase>
<testcase name="Mobile Experience Tests › Mobile performance" classname="mobile-experience.spec.ts" time="0.003">
<failure message="mobile-experience.spec.ts:87:3 Mobile performance" type="FAILURE">
<![CDATA[  [Mobile Chrome] › mobile-experience.spec.ts:87:3 › Mobile Experience Tests › Mobile performance ──

    Error: browserType.launch: Executable doesn't exist at /home/noob/.cache/ms-playwright/chromium_headless_shell-1181/chrome-linux/headless_shell
    ╔═════════════════════════════════════════════════════════════════════════╗
    ║ Looks like Playwright Test or Playwright was just installed or updated. ║
    ║ Please run the following command to download new browsers:              ║
    ║                                                                         ║
    ║     npx playwright install                                              ║
    ║                                                                         ║
    ║ <3 Playwright Team                                                      ║
    ╚═════════════════════════════════════════════════════════════════════════╝
]]>
</failure>
</testcase>
</testsuite>
<testsuite name="pro-report.spec.ts" timestamp="2025-08-05T04:21:58.900Z" hostname="Mobile Chrome" tests="7" failures="7" skipped="0" time="0.016" errors="0">
<testcase name="Pro Report Generation E2E Tests › should display pro report generation button for pro users" classname="pro-report.spec.ts" time="0.003">
<failure message="pro-report.spec.ts:49:3 should display pro report generation button for pro users" type="FAILURE">
<![CDATA[  [Mobile Chrome] › pro-report.spec.ts:49:3 › Pro Report Generation E2E Tests › should display pro report generation button for pro users 

    Error: browserType.launch: Executable doesn't exist at /home/noob/.cache/ms-playwright/chromium_headless_shell-1181/chrome-linux/headless_shell
    ╔═════════════════════════════════════════════════════════════════════════╗
    ║ Looks like Playwright Test or Playwright was just installed or updated. ║
    ║ Please run the following command to download new browsers:              ║
    ║                                                                         ║
    ║     npx playwright install                                              ║
    ║                                                                         ║
    ║ <3 Playwright Team                                                      ║
    ╚═════════════════════════════════════════════════════════════════════════╝
]]>
</failure>
</testcase>
<testcase name="Pro Report Generation E2E Tests › should generate and display pro report" classname="pro-report.spec.ts" time="0.003">
<failure message="pro-report.spec.ts:61:3 should generate and display pro report" type="FAILURE">
<![CDATA[  [Mobile Chrome] › pro-report.spec.ts:61:3 › Pro Report Generation E2E Tests › should generate and display pro report 

    Error: browserType.launch: Executable doesn't exist at /home/noob/.cache/ms-playwright/chromium_headless_shell-1181/chrome-linux/headless_shell
    ╔═════════════════════════════════════════════════════════════════════════╗
    ║ Looks like Playwright Test or Playwright was just installed or updated. ║
    ║ Please run the following command to download new browsers:              ║
    ║                                                                         ║
    ║     npx playwright install                                              ║
    ║                                                                         ║
    ║ <3 Playwright Team                                                      ║
    ╚═════════════════════════════════════════════════════════════════════════╝
]]>
</failure>
</testcase>
<testcase name="Pro Report Generation E2E Tests › should show upgrade prompt for free users" classname="pro-report.spec.ts" time="0.001">
<failure message="pro-report.spec.ts:291:3 should show upgrade prompt for free users" type="FAILURE">
<![CDATA[  [Mobile Chrome] › pro-report.spec.ts:291:3 › Pro Report Generation E2E Tests › should show upgrade prompt for free users 

    Error: browserType.launch: Executable doesn't exist at /home/noob/.cache/ms-playwright/chromium_headless_shell-1181/chrome-linux/headless_shell
    ╔═════════════════════════════════════════════════════════════════════════╗
    ║ Looks like Playwright Test or Playwright was just installed or updated. ║
    ║ Please run the following command to download new browsers:              ║
    ║                                                                         ║
    ║     npx playwright install                                              ║
    ║                                                                         ║
    ║ <3 Playwright Team                                                      ║
    ╚═════════════════════════════════════════════════════════════════════════╝
]]>
</failure>
</testcase>
<testcase name="Pro Report Generation E2E Tests › should handle pro report generation errors" classname="pro-report.spec.ts" time="0.003">
<failure message="pro-report.spec.ts:317:3 should handle pro report generation errors" type="FAILURE">
<![CDATA[  [Mobile Chrome] › pro-report.spec.ts:317:3 › Pro Report Generation E2E Tests › should handle pro report generation errors 

    Error: browserType.launch: Executable doesn't exist at /home/noob/.cache/ms-playwright/chromium_headless_shell-1181/chrome-linux/headless_shell
    ╔═════════════════════════════════════════════════════════════════════════╗
    ║ Looks like Playwright Test or Playwright was just installed or updated. ║
    ║ Please run the following command to download new browsers:              ║
    ║                                                                         ║
    ║     npx playwright install                                              ║
    ║                                                                         ║
    ║ <3 Playwright Team                                                      ║
    ╚═════════════════════════════════════════════════════════════════════════╝
]]>
</failure>
</testcase>
<testcase name="Pro Report Generation E2E Tests › should allow printing and exporting pro report" classname="pro-report.spec.ts" time="0.001">
<failure message="pro-report.spec.ts:346:3 should allow printing and exporting pro report" type="FAILURE">
<![CDATA[  [Mobile Chrome] › pro-report.spec.ts:346:3 › Pro Report Generation E2E Tests › should allow printing and exporting pro report 

    Error: browserType.launch: Executable doesn't exist at /home/noob/.cache/ms-playwright/chromium_headless_shell-1181/chrome-linux/headless_shell
    ╔═════════════════════════════════════════════════════════════════════════╗
    ║ Looks like Playwright Test or Playwright was just installed or updated. ║
    ║ Please run the following command to download new browsers:              ║
    ║                                                                         ║
    ║     npx playwright install                                              ║
    ║                                                                         ║
    ║ <3 Playwright Team                                                      ║
    ╚═════════════════════════════════════════════════════════════════════════╝
]]>
</failure>
</testcase>
<testcase name="Pro Report Generation E2E Tests › should navigate through report sections" classname="pro-report.spec.ts" time="0.003">
<failure message="pro-report.spec.ts:378:3 should navigate through report sections" type="FAILURE">
<![CDATA[  [Mobile Chrome] › pro-report.spec.ts:378:3 › Pro Report Generation E2E Tests › should navigate through report sections 

    Error: browserType.launch: Executable doesn't exist at /home/noob/.cache/ms-playwright/chromium_headless_shell-1181/chrome-linux/headless_shell
    ╔═════════════════════════════════════════════════════════════════════════╗
    ║ Looks like Playwright Test or Playwright was just installed or updated. ║
    ║ Please run the following command to download new browsers:              ║
    ║                                                                         ║
    ║     npx playwright install                                              ║
    ║                                                                         ║
    ║ <3 Playwright Team                                                      ║
    ╚═════════════════════════════════════════════════════════════════════════╝
]]>
</failure>
</testcase>
<testcase name="Privacy Settings E2E Tests › should open and update privacy settings" classname="pro-report.spec.ts" time="0.002">
<failure message="pro-report.spec.ts:415:3 should open and update privacy settings" type="FAILURE">
<![CDATA[  [Mobile Chrome] › pro-report.spec.ts:415:3 › Privacy Settings E2E Tests › should open and update privacy settings 

    Error: browserType.launch: Executable doesn't exist at /home/noob/.cache/ms-playwright/chromium_headless_shell-1181/chrome-linux/headless_shell
    ╔═════════════════════════════════════════════════════════════════════════╗
    ║ Looks like Playwright Test or Playwright was just installed or updated. ║
    ║ Please run the following command to download new browsers:              ║
    ║                                                                         ║
    ║     npx playwright install                                              ║
    ║                                                                         ║
    ║ <3 Playwright Team                                                      ║
    ╚═════════════════════════════════════════════════════════════════════════╝
]]>
</failure>
</testcase>
</testsuite>
<testsuite name="user-experience-review.spec.ts" timestamp="2025-08-05T04:21:58.900Z" hostname="Mobile Chrome" tests="2" failures="2" skipped="0" time="0.007" errors="0">
<testcase name="User Experience Review - Target Customer Journey › Complete user journey from landing to idea validation" classname="user-experience-review.spec.ts" time="0.004">
<failure message="user-experience-review.spec.ts:4:3 Complete user journey from landing to idea validation" type="FAILURE">
<![CDATA[  [Mobile Chrome] › user-experience-review.spec.ts:4:3 › User Experience Review - Target Customer Journey › Complete user journey from landing to idea validation 

    Error: browserType.launch: Executable doesn't exist at /home/noob/.cache/ms-playwright/chromium_headless_shell-1181/chrome-linux/headless_shell
    ╔═════════════════════════════════════════════════════════════════════════╗
    ║ Looks like Playwright Test or Playwright was just installed or updated. ║
    ║ Please run the following command to download new browsers:              ║
    ║                                                                         ║
    ║     npx playwright install                                              ║
    ║                                                                         ║
    ║ <3 Playwright Team                                                      ║
    ╚═════════════════════════════════════════════════════════════════════════╝
]]>
</failure>
</testcase>
<testcase name="User Experience Review - Target Customer Journey › Test accessibility and performance" classname="user-experience-review.spec.ts" time="0.003">
<failure message="user-experience-review.spec.ts:182:3 Test accessibility and performance" type="FAILURE">
<![CDATA[  [Mobile Chrome] › user-experience-review.spec.ts:182:3 › User Experience Review - Target Customer Journey › Test accessibility and performance 

    Error: browserType.launch: Executable doesn't exist at /home/noob/.cache/ms-playwright/chromium_headless_shell-1181/chrome-linux/headless_shell
    ╔═════════════════════════════════════════════════════════════════════════╗
    ║ Looks like Playwright Test or Playwright was just installed or updated. ║
    ║ Please run the following command to download new browsers:              ║
    ║                                                                         ║
    ║     npx playwright install                                              ║
    ║                                                                         ║
    ║ <3 Playwright Team                                                      ║
    ╚═════════════════════════════════════════════════════════════════════════╝
]]>
</failure>
</testcase>
</testsuite>
<testsuite name="demo-experience.spec.ts" timestamp="2025-08-05T04:21:58.900Z" hostname="Mobile Safari" tests="3" failures="3" skipped="0" time="0.007" errors="0">
<testcase name="Interactive Demo Experience › Demo page loads and functions correctly" classname="demo-experience.spec.ts" time="0.003">
<failure message="demo-experience.spec.ts:4:3 Demo page loads and functions correctly" type="FAILURE">
<![CDATA[  [Mobile Safari] › demo-experience.spec.ts:4:3 › Interactive Demo Experience › Demo page loads and functions correctly 

    Error: browserType.launch: Executable doesn't exist at /home/noob/.cache/ms-playwright/webkit-2191/pw_run.sh
    ╔═════════════════════════════════════════════════════════════════════════╗
    ║ Looks like Playwright Test or Playwright was just installed or updated. ║
    ║ Please run the following command to download new browsers:              ║
    ║                                                                         ║
    ║     npx playwright install                                              ║
    ║                                                                         ║
    ║ <3 Playwright Team                                                      ║
    ╚═════════════════════════════════════════════════════════════════════════╝
]]>
</failure>
</testcase>
<testcase name="Interactive Demo Experience › Demo accessible from landing page" classname="demo-experience.spec.ts" time="0.002">
<failure message="demo-experience.spec.ts:76:3 Demo accessible from landing page" type="FAILURE">
<![CDATA[  [Mobile Safari] › demo-experience.spec.ts:76:3 › Interactive Demo Experience › Demo accessible from landing page 

    Error: browserType.launch: Executable doesn't exist at /home/noob/.cache/ms-playwright/webkit-2191/pw_run.sh
    ╔═════════════════════════════════════════════════════════════════════════╗
    ║ Looks like Playwright Test or Playwright was just installed or updated. ║
    ║ Please run the following command to download new browsers:              ║
    ║                                                                         ║
    ║     npx playwright install                                              ║
    ║                                                                         ║
    ║ <3 Playwright Team                                                      ║
    ╚═════════════════════════════════════════════════════════════════════════╝
]]>
</failure>
</testcase>
<testcase name="Interactive Demo Experience › Demo works with different idea types" classname="demo-experience.spec.ts" time="0.002">
<failure message="demo-experience.spec.ts:94:3 Demo works with different idea types" type="FAILURE">
<![CDATA[  [Mobile Safari] › demo-experience.spec.ts:94:3 › Interactive Demo Experience › Demo works with different idea types 

    Error: browserType.launch: Executable doesn't exist at /home/noob/.cache/ms-playwright/webkit-2191/pw_run.sh
    ╔═════════════════════════════════════════════════════════════════════════╗
    ║ Looks like Playwright Test or Playwright was just installed or updated. ║
    ║ Please run the following command to download new browsers:              ║
    ║                                                                         ║
    ║     npx playwright install                                              ║
    ║                                                                         ║
    ║ <3 Playwright Team                                                      ║
    ╚═════════════════════════════════════════════════════════════════════════╝
]]>
</failure>
</testcase>
</testsuite>
<testsuite name="mobile-experience.spec.ts" timestamp="2025-08-05T04:21:58.900Z" hostname="Mobile Safari" tests="3" failures="3" skipped="0" time="0.009" errors="0">
<testcase name="Mobile Experience Tests › Mobile landing page experience" classname="mobile-experience.spec.ts" time="0.003">
<failure message="mobile-experience.spec.ts:4:3 Mobile landing page experience" type="FAILURE">
<![CDATA[  [Mobile Safari] › mobile-experience.spec.ts:4:3 › Mobile Experience Tests › Mobile landing page experience 

    Error: browserType.launch: Executable doesn't exist at /home/noob/.cache/ms-playwright/webkit-2191/pw_run.sh
    ╔═════════════════════════════════════════════════════════════════════════╗
    ║ Looks like Playwright Test or Playwright was just installed or updated. ║
    ║ Please run the following command to download new browsers:              ║
    ║                                                                         ║
    ║     npx playwright install                                              ║
    ║                                                                         ║
    ║ <3 Playwright Team                                                      ║
    ╚═════════════════════════════════════════════════════════════════════════╝
]]>
</failure>
</testcase>
<testcase name="Mobile Experience Tests › Mobile text readability" classname="mobile-experience.spec.ts" time="0.003">
<failure message="mobile-experience.spec.ts:67:3 Mobile text readability" type="FAILURE">
<![CDATA[  [Mobile Safari] › mobile-experience.spec.ts:67:3 › Mobile Experience Tests › Mobile text readability 

    Error: browserType.launch: Executable doesn't exist at /home/noob/.cache/ms-playwright/webkit-2191/pw_run.sh
    ╔═════════════════════════════════════════════════════════════════════════╗
    ║ Looks like Playwright Test or Playwright was just installed or updated. ║
    ║ Please run the following command to download new browsers:              ║
    ║                                                                         ║
    ║     npx playwright install                                              ║
    ║                                                                         ║
    ║ <3 Playwright Team                                                      ║
    ╚═════════════════════════════════════════════════════════════════════════╝
]]>
</failure>
</testcase>
<testcase name="Mobile Experience Tests › Mobile performance" classname="mobile-experience.spec.ts" time="0.003">
<failure message="mobile-experience.spec.ts:87:3 Mobile performance" type="FAILURE">
<![CDATA[  [Mobile Safari] › mobile-experience.spec.ts:87:3 › Mobile Experience Tests › Mobile performance ──

    Error: browserType.launch: Executable doesn't exist at /home/noob/.cache/ms-playwright/webkit-2191/pw_run.sh
    ╔═════════════════════════════════════════════════════════════════════════╗
    ║ Looks like Playwright Test or Playwright was just installed or updated. ║
    ║ Please run the following command to download new browsers:              ║
    ║                                                                         ║
    ║     npx playwright install                                              ║
    ║                                                                         ║
    ║ <3 Playwright Team                                                      ║
    ╚═════════════════════════════════════════════════════════════════════════╝
]]>
</failure>
</testcase>
</testsuite>
<testsuite name="pro-report.spec.ts" timestamp="2025-08-05T04:21:58.900Z" hostname="Mobile Safari" tests="7" failures="7" skipped="0" time="0.011" errors="0">
<testcase name="Pro Report Generation E2E Tests › should display pro report generation button for pro users" classname="pro-report.spec.ts" time="0.002">
<failure message="pro-report.spec.ts:49:3 should display pro report generation button for pro users" type="FAILURE">
<![CDATA[  [Mobile Safari] › pro-report.spec.ts:49:3 › Pro Report Generation E2E Tests › should display pro report generation button for pro users 

    Error: browserType.launch: Executable doesn't exist at /home/noob/.cache/ms-playwright/webkit-2191/pw_run.sh
    ╔═════════════════════════════════════════════════════════════════════════╗
    ║ Looks like Playwright Test or Playwright was just installed or updated. ║
    ║ Please run the following command to download new browsers:              ║
    ║                                                                         ║
    ║     npx playwright install                                              ║
    ║                                                                         ║
    ║ <3 Playwright Team                                                      ║
    ╚═════════════════════════════════════════════════════════════════════════╝
]]>
</failure>
</testcase>
<testcase name="Pro Report Generation E2E Tests › should generate and display pro report" classname="pro-report.spec.ts" time="0.002">
<failure message="pro-report.spec.ts:61:3 should generate and display pro report" type="FAILURE">
<![CDATA[  [Mobile Safari] › pro-report.spec.ts:61:3 › Pro Report Generation E2E Tests › should generate and display pro report 

    Error: browserType.launch: Executable doesn't exist at /home/noob/.cache/ms-playwright/webkit-2191/pw_run.sh
    ╔═════════════════════════════════════════════════════════════════════════╗
    ║ Looks like Playwright Test or Playwright was just installed or updated. ║
    ║ Please run the following command to download new browsers:              ║
    ║                                                                         ║
    ║     npx playwright install                                              ║
    ║                                                                         ║
    ║ <3 Playwright Team                                                      ║
    ╚═════════════════════════════════════════════════════════════════════════╝
]]>
</failure>
</testcase>
<testcase name="Pro Report Generation E2E Tests › should show upgrade prompt for free users" classname="pro-report.spec.ts" time="0.001">
<failure message="pro-report.spec.ts:291:3 should show upgrade prompt for free users" type="FAILURE">
<![CDATA[  [Mobile Safari] › pro-report.spec.ts:291:3 › Pro Report Generation E2E Tests › should show upgrade prompt for free users 

    Error: browserType.launch: Executable doesn't exist at /home/noob/.cache/ms-playwright/webkit-2191/pw_run.sh
    ╔═════════════════════════════════════════════════════════════════════════╗
    ║ Looks like Playwright Test or Playwright was just installed or updated. ║
    ║ Please run the following command to download new browsers:              ║
    ║                                                                         ║
    ║     npx playwright install                                              ║
    ║                                                                         ║
    ║ <3 Playwright Team                                                      ║
    ╚═════════════════════════════════════════════════════════════════════════╝
]]>
</failure>
</testcase>
<testcase name="Pro Report Generation E2E Tests › should handle pro report generation errors" classname="pro-report.spec.ts" time="0.001">
<failure message="pro-report.spec.ts:317:3 should handle pro report generation errors" type="FAILURE">
<![CDATA[  [Mobile Safari] › pro-report.spec.ts:317:3 › Pro Report Generation E2E Tests › should handle pro report generation errors 

    Error: browserType.launch: Executable doesn't exist at /home/noob/.cache/ms-playwright/webkit-2191/pw_run.sh
    ╔═════════════════════════════════════════════════════════════════════════╗
    ║ Looks like Playwright Test or Playwright was just installed or updated. ║
    ║ Please run the following command to download new browsers:              ║
    ║                                                                         ║
    ║     npx playwright install                                              ║
    ║                                                                         ║
    ║ <3 Playwright Team                                                      ║
    ╚═════════════════════════════════════════════════════════════════════════╝
]]>
</failure>
</testcase>
<testcase name="Pro Report Generation E2E Tests › should allow printing and exporting pro report" classname="pro-report.spec.ts" time="0.002">
<failure message="pro-report.spec.ts:346:3 should allow printing and exporting pro report" type="FAILURE">
<![CDATA[  [Mobile Safari] › pro-report.spec.ts:346:3 › Pro Report Generation E2E Tests › should allow printing and exporting pro report 

    Error: browserType.launch: Executable doesn't exist at /home/noob/.cache/ms-playwright/webkit-2191/pw_run.sh
    ╔═════════════════════════════════════════════════════════════════════════╗
    ║ Looks like Playwright Test or Playwright was just installed or updated. ║
    ║ Please run the following command to download new browsers:              ║
    ║                                                                         ║
    ║     npx playwright install                                              ║
    ║                                                                         ║
    ║ <3 Playwright Team                                                      ║
    ╚═════════════════════════════════════════════════════════════════════════╝
]]>
</failure>
</testcase>
<testcase name="Pro Report Generation E2E Tests › should navigate through report sections" classname="pro-report.spec.ts" time="0.001">
<failure message="pro-report.spec.ts:378:3 should navigate through report sections" type="FAILURE">
<![CDATA[  [Mobile Safari] › pro-report.spec.ts:378:3 › Pro Report Generation E2E Tests › should navigate through report sections 

    Error: browserType.launch: Executable doesn't exist at /home/noob/.cache/ms-playwright/webkit-2191/pw_run.sh
    ╔═════════════════════════════════════════════════════════════════════════╗
    ║ Looks like Playwright Test or Playwright was just installed or updated. ║
    ║ Please run the following command to download new browsers:              ║
    ║                                                                         ║
    ║     npx playwright install                                              ║
    ║                                                                         ║
    ║ <3 Playwright Team                                                      ║
    ╚═════════════════════════════════════════════════════════════════════════╝
]]>
</failure>
</testcase>
<testcase name="Privacy Settings E2E Tests › should open and update privacy settings" classname="pro-report.spec.ts" time="0.002">
<failure message="pro-report.spec.ts:415:3 should open and update privacy settings" type="FAILURE">
<![CDATA[  [Mobile Safari] › pro-report.spec.ts:415:3 › Privacy Settings E2E Tests › should open and update privacy settings 

    Error: browserType.launch: Executable doesn't exist at /home/noob/.cache/ms-playwright/webkit-2191/pw_run.sh
    ╔═════════════════════════════════════════════════════════════════════════╗
    ║ Looks like Playwright Test or Playwright was just installed or updated. ║
    ║ Please run the following command to download new browsers:              ║
    ║                                                                         ║
    ║     npx playwright install                                              ║
    ║                                                                         ║
    ║ <3 Playwright Team                                                      ║
    ╚═════════════════════════════════════════════════════════════════════════╝
]]>
</failure>
</testcase>
</testsuite>
<testsuite name="user-experience-review.spec.ts" timestamp="2025-08-05T04:21:58.900Z" hostname="Mobile Safari" tests="2" failures="2" skipped="0" time="0.003" errors="0">
<testcase name="User Experience Review - Target Customer Journey › Complete user journey from landing to idea validation" classname="user-experience-review.spec.ts" time="0.001">
<failure message="user-experience-review.spec.ts:4:3 Complete user journey from landing to idea validation" type="FAILURE">
<![CDATA[  [Mobile Safari] › user-experience-review.spec.ts:4:3 › User Experience Review - Target Customer Journey › Complete user journey from landing to idea validation 

    Error: browserType.launch: Executable doesn't exist at /home/noob/.cache/ms-playwright/webkit-2191/pw_run.sh
    ╔═════════════════════════════════════════════════════════════════════════╗
    ║ Looks like Playwright Test or Playwright was just installed or updated. ║
    ║ Please run the following command to download new browsers:              ║
    ║                                                                         ║
    ║     npx playwright install                                              ║
    ║                                                                         ║
    ║ <3 Playwright Team                                                      ║
    ╚═════════════════════════════════════════════════════════════════════════╝
]]>
</failure>
</testcase>
<testcase name="User Experience Review - Target Customer Journey › Test accessibility and performance" classname="user-experience-review.spec.ts" time="0.002">
<failure message="user-experience-review.spec.ts:182:3 Test accessibility and performance" type="FAILURE">
<![CDATA[  [Mobile Safari] › user-experience-review.spec.ts:182:3 › User Experience Review - Target Customer Journey › Test accessibility and performance 

    Error: browserType.launch: Executable doesn't exist at /home/noob/.cache/ms-playwright/webkit-2191/pw_run.sh
    ╔═════════════════════════════════════════════════════════════════════════╗
    ║ Looks like Playwright Test or Playwright was just installed or updated. ║
    ║ Please run the following command to download new browsers:              ║
    ║                                                                         ║
    ║     npx playwright install                                              ║
    ║                                                                         ║
    ║ <3 Playwright Team                                                      ║
    ╚═════════════════════════════════════════════════════════════════════════╝
]]>
</failure>
</testcase>
</testsuite>
</testsuites>