<testsuites id="" name="" tests="7" failures="7" skipped="0" errors="0" time="32.109604000000004">
<testsuite name="auth-workflow.spec.ts" timestamp="2025-08-06T21:26:05.955Z" hostname="chromium" tests="7" failures="7" skipped="0" time="139.591" errors="0">
<testcase name="Authentication Workflow â€º Complete registration flow" classname="auth-workflow.spec.ts" time="8.564">
<failure message="auth-workflow.spec.ts:9:3 Complete registration flow" type="FAILURE">
<![CDATA[  [chromium] â€º auth-workflow.spec.ts:9:3 â€º Authentication Workflow â€º Complete registration flow â”€â”€â”€â”€

    Error: Timed out 5000ms waiting for expect(locator).toBeVisible()

    Locator: locator('h1, h2, .title').filter({ hasText: /welcome back|sign in|login/i }).first()
    Expected: visible
    Received: <element(s) not found>
    Call log:
      - Expect "toBeVisible" with timeout 5000ms
      - waiting for locator('h1, h2, .title').filter({ hasText: /welcome back|sign in|login/i }).first()


      15 |     
      16 |     // Verify we're on the login page
    > 17 |     await expect(page.locator('h1, h2, .title').filter({ hasText: /welcome back|sign in|login/i }).first()).toBeVisible();
         |                                                                                                             ^
      18 |     
      19 |     // Take screenshot of login page
      20 |     await page.screenshot({ 
        at /home/noob/test/nucleus/tests/e2e/auth-workflow.spec.ts:17:109

    attachment #1: screenshot (image/png) â”€â”€â”€â”€â”€â”€â”€â”€â”€â”€â”€â”€â”€â”€â”€â”€â”€â”€â”€â”€â”€â”€â”€â”€â”€â”€â”€â”€â”€â”€â”€â”€â”€â”€â”€â”€â”€â”€â”€â”€â”€â”€â”€â”€â”€â”€â”€â”€â”€â”€â”€â”€â”€â”€â”€â”€â”€â”€
    ../../test-results/auth-workflow-Authenticati-88fa2--Complete-registration-flow-chromium/test-failed-1.png
    â”€â”€â”€â”€â”€â”€â”€â”€â”€â”€â”€â”€â”€â”€â”€â”€â”€â”€â”€â”€â”€â”€â”€â”€â”€â”€â”€â”€â”€â”€â”€â”€â”€â”€â”€â”€â”€â”€â”€â”€â”€â”€â”€â”€â”€â”€â”€â”€â”€â”€â”€â”€â”€â”€â”€â”€â”€â”€â”€â”€â”€â”€â”€â”€â”€â”€â”€â”€â”€â”€â”€â”€â”€â”€â”€â”€â”€â”€â”€â”€â”€â”€â”€â”€â”€â”€â”€â”€â”€â”€â”€â”€â”€â”€â”€â”€

    attachment #2: video (video/webm) â”€â”€â”€â”€â”€â”€â”€â”€â”€â”€â”€â”€â”€â”€â”€â”€â”€â”€â”€â”€â”€â”€â”€â”€â”€â”€â”€â”€â”€â”€â”€â”€â”€â”€â”€â”€â”€â”€â”€â”€â”€â”€â”€â”€â”€â”€â”€â”€â”€â”€â”€â”€â”€â”€â”€â”€â”€â”€â”€â”€â”€â”€
    ../../test-results/auth-workflow-Authenticati-88fa2--Complete-registration-flow-chromium/video.webm
    â”€â”€â”€â”€â”€â”€â”€â”€â”€â”€â”€â”€â”€â”€â”€â”€â”€â”€â”€â”€â”€â”€â”€â”€â”€â”€â”€â”€â”€â”€â”€â”€â”€â”€â”€â”€â”€â”€â”€â”€â”€â”€â”€â”€â”€â”€â”€â”€â”€â”€â”€â”€â”€â”€â”€â”€â”€â”€â”€â”€â”€â”€â”€â”€â”€â”€â”€â”€â”€â”€â”€â”€â”€â”€â”€â”€â”€â”€â”€â”€â”€â”€â”€â”€â”€â”€â”€â”€â”€â”€â”€â”€â”€â”€â”€â”€

    Error Context: ../../test-results/auth-workflow-Authenticati-88fa2--Complete-registration-flow-chromium/error-context.md
]]>
</failure>
<system-out>
<![CDATA[ðŸ” Starting registration flow test

[[ATTACHMENT|auth-workflow-Authenticati-88fa2--Complete-registration-flow-chromium/test-failed-1.png]]

[[ATTACHMENT|auth-workflow-Authenticati-88fa2--Complete-registration-flow-chromium/video.webm]]

[[ATTACHMENT|auth-workflow-Authenticati-88fa2--Complete-registration-flow-chromium/error-context.md]]
]]>
</system-out>
</testcase>
<testcase name="Authentication Workflow â€º Login with existing account" classname="auth-workflow.spec.ts" time="30.908">
<failure message="auth-workflow.spec.ts:97:3 Login with existing account" type="FAILURE">
<![CDATA[  [chromium] â€º auth-workflow.spec.ts:97:3 â€º Authentication Workflow â€º Login with existing account â”€â”€

    Test timeout of 30000ms exceeded.

    Error: page.click: Test timeout of 30000ms exceeded.
    Call log:
      - waiting for locator('text="Sign In", text="Already have an account"')


      112 |     } else {
      113 |       // Switch from registration to login mode
    > 114 |       await page.click('text="Sign In", text="Already have an account"');
          |                  ^
      115 |       await page.waitForTimeout(500);
      116 |     }
      117 |     
        at /home/noob/test/nucleus/tests/e2e/auth-workflow.spec.ts:114:18

    attachment #1: screenshot (image/png) â”€â”€â”€â”€â”€â”€â”€â”€â”€â”€â”€â”€â”€â”€â”€â”€â”€â”€â”€â”€â”€â”€â”€â”€â”€â”€â”€â”€â”€â”€â”€â”€â”€â”€â”€â”€â”€â”€â”€â”€â”€â”€â”€â”€â”€â”€â”€â”€â”€â”€â”€â”€â”€â”€â”€â”€â”€â”€
    ../../test-results/auth-workflow-Authenticati-a74f3-Login-with-existing-account-chromium/test-failed-1.png
    â”€â”€â”€â”€â”€â”€â”€â”€â”€â”€â”€â”€â”€â”€â”€â”€â”€â”€â”€â”€â”€â”€â”€â”€â”€â”€â”€â”€â”€â”€â”€â”€â”€â”€â”€â”€â”€â”€â”€â”€â”€â”€â”€â”€â”€â”€â”€â”€â”€â”€â”€â”€â”€â”€â”€â”€â”€â”€â”€â”€â”€â”€â”€â”€â”€â”€â”€â”€â”€â”€â”€â”€â”€â”€â”€â”€â”€â”€â”€â”€â”€â”€â”€â”€â”€â”€â”€â”€â”€â”€â”€â”€â”€â”€â”€â”€

    attachment #2: video (video/webm) â”€â”€â”€â”€â”€â”€â”€â”€â”€â”€â”€â”€â”€â”€â”€â”€â”€â”€â”€â”€â”€â”€â”€â”€â”€â”€â”€â”€â”€â”€â”€â”€â”€â”€â”€â”€â”€â”€â”€â”€â”€â”€â”€â”€â”€â”€â”€â”€â”€â”€â”€â”€â”€â”€â”€â”€â”€â”€â”€â”€â”€â”€
    ../../test-results/auth-workflow-Authenticati-a74f3-Login-with-existing-account-chromium/video.webm
    â”€â”€â”€â”€â”€â”€â”€â”€â”€â”€â”€â”€â”€â”€â”€â”€â”€â”€â”€â”€â”€â”€â”€â”€â”€â”€â”€â”€â”€â”€â”€â”€â”€â”€â”€â”€â”€â”€â”€â”€â”€â”€â”€â”€â”€â”€â”€â”€â”€â”€â”€â”€â”€â”€â”€â”€â”€â”€â”€â”€â”€â”€â”€â”€â”€â”€â”€â”€â”€â”€â”€â”€â”€â”€â”€â”€â”€â”€â”€â”€â”€â”€â”€â”€â”€â”€â”€â”€â”€â”€â”€â”€â”€â”€â”€â”€

    Error Context: ../../test-results/auth-workflow-Authenticati-a74f3-Login-with-existing-account-chromium/error-context.md
]]>
</failure>
<system-out>
<![CDATA[ðŸ” Starting login flow test

[[ATTACHMENT|auth-workflow-Authenticati-a74f3-Login-with-existing-account-chromium/test-failed-1.png]]

[[ATTACHMENT|auth-workflow-Authenticati-a74f3-Login-with-existing-account-chromium/video.webm]]

[[ATTACHMENT|auth-workflow-Authenticati-a74f3-Login-with-existing-account-chromium/error-context.md]]
]]>
</system-out>
</testcase>
<testcase name="Authentication Workflow â€º Logout workflow" classname="auth-workflow.spec.ts" time="30.889">
<failure message="auth-workflow.spec.ts:160:3 Logout workflow" type="FAILURE">
<![CDATA[  [chromium] â€º auth-workflow.spec.ts:160:3 â€º Authentication Workflow â€º Logout workflow â”€â”€â”€â”€â”€â”€â”€â”€â”€â”€â”€â”€â”€

    Test timeout of 30000ms exceeded.

    Error: page.click: Test timeout of 30000ms exceeded.
    Call log:
      - waiting for locator('text="Sign In", text="Already have an account"')


      171 |     const signInButton = page.locator('button:has-text("Sign In"), button:has-text("Login")').first();
      172 |     if (!(await signInButton.isVisible())) {
    > 173 |       await page.click('text="Sign In", text="Already have an account"');
          |                  ^
      174 |       await page.waitForTimeout(500);
      175 |     }
      176 |     
        at /home/noob/test/nucleus/tests/e2e/auth-workflow.spec.ts:173:18

    attachment #1: screenshot (image/png) â”€â”€â”€â”€â”€â”€â”€â”€â”€â”€â”€â”€â”€â”€â”€â”€â”€â”€â”€â”€â”€â”€â”€â”€â”€â”€â”€â”€â”€â”€â”€â”€â”€â”€â”€â”€â”€â”€â”€â”€â”€â”€â”€â”€â”€â”€â”€â”€â”€â”€â”€â”€â”€â”€â”€â”€â”€â”€
    ../../test-results/auth-workflow-Authentication-Workflow-Logout-workflow-chromium/test-failed-1.png
    â”€â”€â”€â”€â”€â”€â”€â”€â”€â”€â”€â”€â”€â”€â”€â”€â”€â”€â”€â”€â”€â”€â”€â”€â”€â”€â”€â”€â”€â”€â”€â”€â”€â”€â”€â”€â”€â”€â”€â”€â”€â”€â”€â”€â”€â”€â”€â”€â”€â”€â”€â”€â”€â”€â”€â”€â”€â”€â”€â”€â”€â”€â”€â”€â”€â”€â”€â”€â”€â”€â”€â”€â”€â”€â”€â”€â”€â”€â”€â”€â”€â”€â”€â”€â”€â”€â”€â”€â”€â”€â”€â”€â”€â”€â”€â”€

    attachment #2: video (video/webm) â”€â”€â”€â”€â”€â”€â”€â”€â”€â”€â”€â”€â”€â”€â”€â”€â”€â”€â”€â”€â”€â”€â”€â”€â”€â”€â”€â”€â”€â”€â”€â”€â”€â”€â”€â”€â”€â”€â”€â”€â”€â”€â”€â”€â”€â”€â”€â”€â”€â”€â”€â”€â”€â”€â”€â”€â”€â”€â”€â”€â”€â”€
    ../../test-results/auth-workflow-Authentication-Workflow-Logout-workflow-chromium/video.webm
    â”€â”€â”€â”€â”€â”€â”€â”€â”€â”€â”€â”€â”€â”€â”€â”€â”€â”€â”€â”€â”€â”€â”€â”€â”€â”€â”€â”€â”€â”€â”€â”€â”€â”€â”€â”€â”€â”€â”€â”€â”€â”€â”€â”€â”€â”€â”€â”€â”€â”€â”€â”€â”€â”€â”€â”€â”€â”€â”€â”€â”€â”€â”€â”€â”€â”€â”€â”€â”€â”€â”€â”€â”€â”€â”€â”€â”€â”€â”€â”€â”€â”€â”€â”€â”€â”€â”€â”€â”€â”€â”€â”€â”€â”€â”€â”€

    Error Context: ../../test-results/auth-workflow-Authentication-Workflow-Logout-workflow-chromium/error-context.md
]]>
</failure>
<system-out>
<![CDATA[ðŸ” Starting logout flow test

[[ATTACHMENT|auth-workflow-Authentication-Workflow-Logout-workflow-chromium/test-failed-1.png]]

[[ATTACHMENT|auth-workflow-Authentication-Workflow-Logout-workflow-chromium/video.webm]]

[[ATTACHMENT|auth-workflow-Authentication-Workflow-Logout-workflow-chromium/error-context.md]]
]]>
</system-out>
</testcase>
<testcase name="Authentication Workflow â€º Password validation on registration" classname="auth-workflow.spec.ts" time="3.699">
<failure message="auth-workflow.spec.ts:233:3 Password validation on registration" type="FAILURE">
<![CDATA[  [chromium] â€º auth-workflow.spec.ts:233:3 â€º Authentication Workflow â€º Password validation on registration 

    Error: page.click: Unexpected token "=" while parsing css selector "button:has-text("Sign Up"), text="Sign Up", text="Create Account"". Did you mean to CSS.escape it?
    Call log:
      - waiting for button:has-text("Sign Up"), text="Sign Up", text="Create Account"


      238 |     
      239 |     // Switch to registration mode
    > 240 |     await page.click('button:has-text("Sign Up"), text="Sign Up", text="Create Account"');
          |                ^
      241 |     await page.waitForTimeout(500);
      242 |     
      243 |     // Test weak password
        at /home/noob/test/nucleus/tests/e2e/auth-workflow.spec.ts:240:16

    attachment #1: screenshot (image/png) â”€â”€â”€â”€â”€â”€â”€â”€â”€â”€â”€â”€â”€â”€â”€â”€â”€â”€â”€â”€â”€â”€â”€â”€â”€â”€â”€â”€â”€â”€â”€â”€â”€â”€â”€â”€â”€â”€â”€â”€â”€â”€â”€â”€â”€â”€â”€â”€â”€â”€â”€â”€â”€â”€â”€â”€â”€â”€
    ../../test-results/auth-workflow-Authenticati-1dec1--validation-on-registration-chromium/test-failed-1.png
    â”€â”€â”€â”€â”€â”€â”€â”€â”€â”€â”€â”€â”€â”€â”€â”€â”€â”€â”€â”€â”€â”€â”€â”€â”€â”€â”€â”€â”€â”€â”€â”€â”€â”€â”€â”€â”€â”€â”€â”€â”€â”€â”€â”€â”€â”€â”€â”€â”€â”€â”€â”€â”€â”€â”€â”€â”€â”€â”€â”€â”€â”€â”€â”€â”€â”€â”€â”€â”€â”€â”€â”€â”€â”€â”€â”€â”€â”€â”€â”€â”€â”€â”€â”€â”€â”€â”€â”€â”€â”€â”€â”€â”€â”€â”€â”€

    attachment #2: video (video/webm) â”€â”€â”€â”€â”€â”€â”€â”€â”€â”€â”€â”€â”€â”€â”€â”€â”€â”€â”€â”€â”€â”€â”€â”€â”€â”€â”€â”€â”€â”€â”€â”€â”€â”€â”€â”€â”€â”€â”€â”€â”€â”€â”€â”€â”€â”€â”€â”€â”€â”€â”€â”€â”€â”€â”€â”€â”€â”€â”€â”€â”€â”€
    ../../test-results/auth-workflow-Authenticati-1dec1--validation-on-registration-chromium/video.webm
    â”€â”€â”€â”€â”€â”€â”€â”€â”€â”€â”€â”€â”€â”€â”€â”€â”€â”€â”€â”€â”€â”€â”€â”€â”€â”€â”€â”€â”€â”€â”€â”€â”€â”€â”€â”€â”€â”€â”€â”€â”€â”€â”€â”€â”€â”€â”€â”€â”€â”€â”€â”€â”€â”€â”€â”€â”€â”€â”€â”€â”€â”€â”€â”€â”€â”€â”€â”€â”€â”€â”€â”€â”€â”€â”€â”€â”€â”€â”€â”€â”€â”€â”€â”€â”€â”€â”€â”€â”€â”€â”€â”€â”€â”€â”€â”€

    Error Context: ../../test-results/auth-workflow-Authenticati-1dec1--validation-on-registration-chromium/error-context.md
]]>
</failure>
<system-out>
<![CDATA[ðŸ” Testing password validation

[[ATTACHMENT|auth-workflow-Authenticati-1dec1--validation-on-registration-chromium/test-failed-1.png]]

[[ATTACHMENT|auth-workflow-Authenticati-1dec1--validation-on-registration-chromium/video.webm]]

[[ATTACHMENT|auth-workflow-Authenticati-1dec1--validation-on-registration-chromium/error-context.md]]
]]>
</system-out>
</testcase>
<testcase name="Authentication Workflow â€º Invalid login credentials" classname="auth-workflow.spec.ts" time="30.907">
<failure message="auth-workflow.spec.ts:265:3 Invalid login credentials" type="FAILURE">
<![CDATA[  [chromium] â€º auth-workflow.spec.ts:265:3 â€º Authentication Workflow â€º Invalid login credentials â”€â”€â”€

    Test timeout of 30000ms exceeded.

    Error: page.click: Test timeout of 30000ms exceeded.
    Call log:
      - waiting for locator('text="Sign In", text="Already have an account"')


      272 |     const signInButton = page.locator('button:has-text("Sign In"), button:has-text("Login")').first();
      273 |     if (!(await signInButton.isVisible())) {
    > 274 |       await page.click('text="Sign In", text="Already have an account"');
          |                  ^
      275 |       await page.waitForTimeout(500);
      276 |     }
      277 |     
        at /home/noob/test/nucleus/tests/e2e/auth-workflow.spec.ts:274:18

    attachment #1: screenshot (image/png) â”€â”€â”€â”€â”€â”€â”€â”€â”€â”€â”€â”€â”€â”€â”€â”€â”€â”€â”€â”€â”€â”€â”€â”€â”€â”€â”€â”€â”€â”€â”€â”€â”€â”€â”€â”€â”€â”€â”€â”€â”€â”€â”€â”€â”€â”€â”€â”€â”€â”€â”€â”€â”€â”€â”€â”€â”€â”€
    ../../test-results/auth-workflow-Authenticati-f7448-w-Invalid-login-credentials-chromium/test-failed-1.png
    â”€â”€â”€â”€â”€â”€â”€â”€â”€â”€â”€â”€â”€â”€â”€â”€â”€â”€â”€â”€â”€â”€â”€â”€â”€â”€â”€â”€â”€â”€â”€â”€â”€â”€â”€â”€â”€â”€â”€â”€â”€â”€â”€â”€â”€â”€â”€â”€â”€â”€â”€â”€â”€â”€â”€â”€â”€â”€â”€â”€â”€â”€â”€â”€â”€â”€â”€â”€â”€â”€â”€â”€â”€â”€â”€â”€â”€â”€â”€â”€â”€â”€â”€â”€â”€â”€â”€â”€â”€â”€â”€â”€â”€â”€â”€â”€

    attachment #2: video (video/webm) â”€â”€â”€â”€â”€â”€â”€â”€â”€â”€â”€â”€â”€â”€â”€â”€â”€â”€â”€â”€â”€â”€â”€â”€â”€â”€â”€â”€â”€â”€â”€â”€â”€â”€â”€â”€â”€â”€â”€â”€â”€â”€â”€â”€â”€â”€â”€â”€â”€â”€â”€â”€â”€â”€â”€â”€â”€â”€â”€â”€â”€â”€
    ../../test-results/auth-workflow-Authenticati-f7448-w-Invalid-login-credentials-chromium/video.webm
    â”€â”€â”€â”€â”€â”€â”€â”€â”€â”€â”€â”€â”€â”€â”€â”€â”€â”€â”€â”€â”€â”€â”€â”€â”€â”€â”€â”€â”€â”€â”€â”€â”€â”€â”€â”€â”€â”€â”€â”€â”€â”€â”€â”€â”€â”€â”€â”€â”€â”€â”€â”€â”€â”€â”€â”€â”€â”€â”€â”€â”€â”€â”€â”€â”€â”€â”€â”€â”€â”€â”€â”€â”€â”€â”€â”€â”€â”€â”€â”€â”€â”€â”€â”€â”€â”€â”€â”€â”€â”€â”€â”€â”€â”€â”€â”€

    Error Context: ../../test-results/auth-workflow-Authenticati-f7448-w-Invalid-login-credentials-chromium/error-context.md
]]>
</failure>
<system-out>
<![CDATA[ðŸ” Testing invalid login credentials

[[ATTACHMENT|auth-workflow-Authenticati-f7448-w-Invalid-login-credentials-chromium/test-failed-1.png]]

[[ATTACHMENT|auth-workflow-Authenticati-f7448-w-Invalid-login-credentials-chromium/video.webm]]

[[ATTACHMENT|auth-workflow-Authenticati-f7448-w-Invalid-login-credentials-chromium/error-context.md]]
]]>
</system-out>
</testcase>
<testcase name="Authentication Workflow â€º Authentication state persistence" classname="auth-workflow.spec.ts" time="30.9">
<failure message="auth-workflow.spec.ts:300:3 Authentication state persistence" type="FAILURE">
<![CDATA[  [chromium] â€º auth-workflow.spec.ts:300:3 â€º Authentication Workflow â€º Authentication state persistence 

    Test timeout of 30000ms exceeded.

    Error: page.click: Test timeout of 30000ms exceeded.
    Call log:
      - waiting for locator('text="Sign In", text="Already have an account"')


      311 |     const signInButton = page.locator('button:has-text("Sign In"), button:has-text("Login")').first();
      312 |     if (!(await signInButton.isVisible())) {
    > 313 |       await page.click('text="Sign In", text="Already have an account"');
          |                  ^
      314 |       await page.waitForTimeout(500);
      315 |     }
      316 |     
        at /home/noob/test/nucleus/tests/e2e/auth-workflow.spec.ts:313:18

    attachment #1: screenshot (image/png) â”€â”€â”€â”€â”€â”€â”€â”€â”€â”€â”€â”€â”€â”€â”€â”€â”€â”€â”€â”€â”€â”€â”€â”€â”€â”€â”€â”€â”€â”€â”€â”€â”€â”€â”€â”€â”€â”€â”€â”€â”€â”€â”€â”€â”€â”€â”€â”€â”€â”€â”€â”€â”€â”€â”€â”€â”€â”€
    ../../test-results/auth-workflow-Authenticati-1687f-ntication-state-persistence-chromium/test-failed-1.png
    â”€â”€â”€â”€â”€â”€â”€â”€â”€â”€â”€â”€â”€â”€â”€â”€â”€â”€â”€â”€â”€â”€â”€â”€â”€â”€â”€â”€â”€â”€â”€â”€â”€â”€â”€â”€â”€â”€â”€â”€â”€â”€â”€â”€â”€â”€â”€â”€â”€â”€â”€â”€â”€â”€â”€â”€â”€â”€â”€â”€â”€â”€â”€â”€â”€â”€â”€â”€â”€â”€â”€â”€â”€â”€â”€â”€â”€â”€â”€â”€â”€â”€â”€â”€â”€â”€â”€â”€â”€â”€â”€â”€â”€â”€â”€â”€

    attachment #2: video (video/webm) â”€â”€â”€â”€â”€â”€â”€â”€â”€â”€â”€â”€â”€â”€â”€â”€â”€â”€â”€â”€â”€â”€â”€â”€â”€â”€â”€â”€â”€â”€â”€â”€â”€â”€â”€â”€â”€â”€â”€â”€â”€â”€â”€â”€â”€â”€â”€â”€â”€â”€â”€â”€â”€â”€â”€â”€â”€â”€â”€â”€â”€â”€
    ../../test-results/auth-workflow-Authenticati-1687f-ntication-state-persistence-chromium/video.webm
    â”€â”€â”€â”€â”€â”€â”€â”€â”€â”€â”€â”€â”€â”€â”€â”€â”€â”€â”€â”€â”€â”€â”€â”€â”€â”€â”€â”€â”€â”€â”€â”€â”€â”€â”€â”€â”€â”€â”€â”€â”€â”€â”€â”€â”€â”€â”€â”€â”€â”€â”€â”€â”€â”€â”€â”€â”€â”€â”€â”€â”€â”€â”€â”€â”€â”€â”€â”€â”€â”€â”€â”€â”€â”€â”€â”€â”€â”€â”€â”€â”€â”€â”€â”€â”€â”€â”€â”€â”€â”€â”€â”€â”€â”€â”€â”€

    Error Context: ../../test-results/auth-workflow-Authenticati-1687f-ntication-state-persistence-chromium/error-context.md
]]>
</failure>
<system-out>
<![CDATA[ðŸ” Testing authentication state persistence

[[ATTACHMENT|auth-workflow-Authenticati-1687f-ntication-state-persistence-chromium/test-failed-1.png]]

[[ATTACHMENT|auth-workflow-Authenticati-1687f-ntication-state-persistence-chromium/video.webm]]

[[ATTACHMENT|auth-workflow-Authenticati-1687f-ntication-state-persistence-chromium/error-context.md]]
]]>
</system-out>
</testcase>
<testcase name="Authentication Workflow â€º Protected route access without authentication" classname="auth-workflow.spec.ts" time="3.724">
<failure message="auth-workflow.spec.ts:355:3 Protected route access without authentication" type="FAILURE">
<![CDATA[  [chromium] â€º auth-workflow.spec.ts:355:3 â€º Authentication Workflow â€º Protected route access without authentication 

    Error: expect(received).toBeTruthy()

    Received: false

      371 |       
      372 |       // Should either redirect to login or show authentication prompt
    > 373 |       expect(redirectedToLogin || showsAuthPrompt).toBeTruthy();
          |                                                    ^
      374 |     }
      375 |     
      376 |     // Take screenshot of protected route redirect
        at /home/noob/test/nucleus/tests/e2e/auth-workflow.spec.ts:373:52

    attachment #1: screenshot (image/png) â”€â”€â”€â”€â”€â”€â”€â”€â”€â”€â”€â”€â”€â”€â”€â”€â”€â”€â”€â”€â”€â”€â”€â”€â”€â”€â”€â”€â”€â”€â”€â”€â”€â”€â”€â”€â”€â”€â”€â”€â”€â”€â”€â”€â”€â”€â”€â”€â”€â”€â”€â”€â”€â”€â”€â”€â”€â”€
    ../../test-results/auth-workflow-Authenticati-17243-cess-without-authentication-chromium/test-failed-1.png
    â”€â”€â”€â”€â”€â”€â”€â”€â”€â”€â”€â”€â”€â”€â”€â”€â”€â”€â”€â”€â”€â”€â”€â”€â”€â”€â”€â”€â”€â”€â”€â”€â”€â”€â”€â”€â”€â”€â”€â”€â”€â”€â”€â”€â”€â”€â”€â”€â”€â”€â”€â”€â”€â”€â”€â”€â”€â”€â”€â”€â”€â”€â”€â”€â”€â”€â”€â”€â”€â”€â”€â”€â”€â”€â”€â”€â”€â”€â”€â”€â”€â”€â”€â”€â”€â”€â”€â”€â”€â”€â”€â”€â”€â”€â”€â”€

    attachment #2: video (video/webm) â”€â”€â”€â”€â”€â”€â”€â”€â”€â”€â”€â”€â”€â”€â”€â”€â”€â”€â”€â”€â”€â”€â”€â”€â”€â”€â”€â”€â”€â”€â”€â”€â”€â”€â”€â”€â”€â”€â”€â”€â”€â”€â”€â”€â”€â”€â”€â”€â”€â”€â”€â”€â”€â”€â”€â”€â”€â”€â”€â”€â”€â”€
    ../../test-results/auth-workflow-Authenticati-17243-cess-without-authentication-chromium/video.webm
    â”€â”€â”€â”€â”€â”€â”€â”€â”€â”€â”€â”€â”€â”€â”€â”€â”€â”€â”€â”€â”€â”€â”€â”€â”€â”€â”€â”€â”€â”€â”€â”€â”€â”€â”€â”€â”€â”€â”€â”€â”€â”€â”€â”€â”€â”€â”€â”€â”€â”€â”€â”€â”€â”€â”€â”€â”€â”€â”€â”€â”€â”€â”€â”€â”€â”€â”€â”€â”€â”€â”€â”€â”€â”€â”€â”€â”€â”€â”€â”€â”€â”€â”€â”€â”€â”€â”€â”€â”€â”€â”€â”€â”€â”€â”€â”€

    Error Context: ../../test-results/auth-workflow-Authenticati-17243-cess-without-authentication-chromium/error-context.md
]]>
</failure>
<system-out>
<![CDATA[ðŸ” Testing protected route access without authentication
Testing access to /dashboard
Route /dashboard - Redirected to login: false, Shows auth prompt: false

[[ATTACHMENT|auth-workflow-Authenticati-17243-cess-without-authentication-chromium/test-failed-1.png]]

[[ATTACHMENT|auth-workflow-Authenticati-17243-cess-without-authentication-chromium/video.webm]]

[[ATTACHMENT|auth-workflow-Authenticati-17243-cess-without-authentication-chromium/error-context.md]]
]]>
</system-out>
</testcase>
</testsuite>
</testsuites>