TN:
SF:server/cognitoAuth.ts
FN:29,getUserAttribute
FN:31,(anonymous_1)
FN:35,calculateSecretHash
FN:43,(anonymous_3)
FN:117,setupAuth
FN:119,(anonymous_5)
FN:220,(anonymous_6)
FN:314,(anonymous_7)
FN:345,(anonymous_8)
FN:377,(anonymous_9)
FN:389,(anonymous_10)
FNF:11
FNH:0
FNDA:0,getUserAttribute
FNDA:0,(anonymous_1)
FNDA:0,calculateSecretHash
FNDA:0,(anonymous_3)
FNDA:0,setupAuth
FNDA:0,(anonymous_5)
FNDA:0,(anonymous_6)
FNDA:0,(anonymous_7)
FNDA:0,(anonymous_8)
FNDA:0,(anonymous_9)
FNDA:0,(anonymous_10)
DA:17,0
DA:25,0
DA:26,0
DA:27,0
DA:30,0
DA:31,0
DA:32,0
DA:36,0
DA:37,0
DA:43,0
DA:44,0
DA:48,0
DA:49,0
DA:50,0
DA:51,0
DA:52,0
DA:55,0
DA:56,0
DA:60,0
DA:64,0
DA:66,0
DA:67,0
DA:71,0
DA:82,0
DA:83,0
DA:85,0
DA:108,0
DA:109,0
DA:111,0
DA:112,0
DA:119,0
DA:120,0
DA:121,0
DA:123,0
DA:124,0
DA:128,0
DA:133,0
DA:134,0
DA:135,0
DA:138,0
DA:144,0
DA:146,0
DA:148,0
DA:149,0
DA:153,0
DA:155,0
DA:156,0
DA:159,0
DA:165,0
DA:166,0
DA:174,0
DA:178,0
DA:180,0
DA:181,0
DA:184,0
DA:187,0
DA:209,0
DA:214,0
DA:215,0
DA:220,0
DA:221,0
DA:222,0
DA:224,0
DA:225,0
DA:229,0
DA:232,0
DA:256,0
DA:257,0
DA:258,0
DA:261,0
DA:263,0
DA:265,0
DA:266,0
DA:270,0
DA:272,0
DA:274,0
DA:296,0
DA:302,0
DA:308,0
DA:309,0
DA:314,0
DA:315,0
DA:316,0
DA:318,0
DA:319,0
DA:322,0
DA:328,0
DA:329,0
DA:330,0
DA:333,0
DA:335,0
DA:337,0
DA:339,0
DA:340,0
DA:345,0
DA:346,0
DA:350,0
DA:351,0
DA:352,0
DA:353,0
DA:354,0
DA:357,0
DA:359,0
DA:362,0
DA:366,0
DA:367,0
DA:369,0
DA:371,0
DA:372,0
DA:377,0
DA:378,0
DA:379,0
DA:380,0
DA:381,0
DA:383,0
DA:384,0
DA:389,0
DA:390,0
DA:391,0
DA:392,0
DA:394,0
DA:416,0
DA:418,0
DA:419,0
LF:124
LH:0
BRDA:18,0,0,0
BRDA:18,0,1,0
BRDA:30,1,0,0
BRDA:30,1,1,0
BRDA:36,2,0,0
BRDA:36,2,1,0
BRDA:49,3,0,0
BRDA:49,3,1,0
BRDA:49,4,0,0
BRDA:49,4,1,0
BRDA:51,5,0,0
BRDA:51,5,1,0
BRDA:51,6,0,0
BRDA:51,6,1,0
BRDA:55,7,0,0
BRDA:55,7,1,0
BRDA:66,8,0,0
BRDA:66,8,1,0
BRDA:73,9,0,0
BRDA:73,9,1,0
BRDA:83,10,0,0
BRDA:83,10,1,0
BRDA:86,11,0,0
BRDA:86,11,1,0
BRDA:87,12,0,0
BRDA:87,12,1,0
BRDA:88,13,0,0
BRDA:88,13,1,0
BRDA:89,14,0,0
BRDA:89,14,1,0
BRDA:123,15,0,0
BRDA:123,15,1,0
BRDA:123,16,0,0
BRDA:123,16,1,0
BRDA:134,17,0,0
BRDA:134,17,1,0
BRDA:146,18,0,0
BRDA:146,18,1,0
BRDA:165,19,0,0
BRDA:165,19,1,0
BRDA:180,20,0,0
BRDA:180,20,1,0
BRDA:184,21,0,0
BRDA:184,21,1,0
BRDA:188,22,0,0
BRDA:188,22,1,0
BRDA:189,23,0,0
BRDA:189,23,1,0
BRDA:190,24,0,0
BRDA:190,24,1,0
BRDA:191,25,0,0
BRDA:191,25,1,0
BRDA:224,26,0,0
BRDA:224,26,1,0
BRDA:224,27,0,0
BRDA:224,27,1,0
BRDA:243,28,0,0
BRDA:243,28,1,0
BRDA:243,29,0,0
BRDA:243,29,1,0
BRDA:243,30,0,0
BRDA:243,30,1,0
BRDA:245,31,0,0
BRDA:245,31,1,0
BRDA:249,32,0,0
BRDA:249,32,1,0
BRDA:257,33,0,0
BRDA:257,33,1,0
BRDA:265,34,0,0
BRDA:265,34,1,0
BRDA:272,35,0,0
BRDA:272,35,1,0
BRDA:275,36,0,0
BRDA:275,36,1,0
BRDA:276,37,0,0
BRDA:276,37,1,0
BRDA:277,38,0,0
BRDA:277,38,1,0
BRDA:318,39,0,0
BRDA:318,39,1,0
BRDA:318,40,0,0
BRDA:318,40,1,0
BRDA:329,41,0,0
BRDA:329,41,1,0
BRDA:351,42,0,0
BRDA:351,42,1,0
BRDA:351,43,0,0
BRDA:351,43,1,0
BRDA:353,44,0,0
BRDA:353,44,1,0
BRDA:353,45,0,0
BRDA:353,45,1,0
BRDA:357,46,0,0
BRDA:357,46,1,0
BRDA:395,47,0,0
BRDA:395,47,1,0
BRDA:396,48,0,0
BRDA:396,48,1,0
BRDA:397,49,0,0
BRDA:397,49,1,0
BRDA:398,50,0,0
BRDA:398,50,1,0
BRDA:399,51,0,0
BRDA:399,51,1,0
BRDA:400,52,0,0
BRDA:400,52,1,0
BRDA:401,53,0,0
BRDA:401,53,1,0
BRF:108
BRH:0
end_of_record
TN:
SF:server/lambda.ts
FN:36,(anonymous_0)
FN:41,(anonymous_1)
FN:43,(anonymous_2)
FN:48,(anonymous_3)
FN:57,(anonymous_4)
FNF:5
FNH:0
FNDA:0,(anonymous_0)
FNDA:0,(anonymous_1)
FNDA:0,(anonymous_2)
FNDA:0,(anonymous_3)
FNDA:0,(anonymous_4)
DA:10,0
DA:13,0
DA:19,0
DA:31,0
DA:32,0
DA:33,0
DA:36,0
DA:37,0
DA:41,0
DA:42,0
DA:44,0
DA:48,0
DA:49,0
DA:50,0
DA:57,0
DA:58,0
DA:62,0
LF:17
LH:0
BRDA:52,0,0,0
BRDA:52,0,1,0
BRF:2
BRH:0
end_of_record
TN:
SF:server/localAuth.ts
FN:14,(anonymous_0)
FN:44,setupAuth
FN:46,(anonymous_2)
FN:53,(anonymous_3)
FN:143,(anonymous_4)
FN:170,(anonymous_5)
FN:181,(anonymous_6)
FN:223,(anonymous_7)
FNF:8
FNH:0
FNDA:0,(anonymous_0)
FNDA:0,setupAuth
FNDA:0,(anonymous_2)
FNDA:0,(anonymous_3)
FNDA:0,(anonymous_4)
FNDA:0,(anonymous_5)
FNDA:0,(anonymous_6)
FNDA:0,(anonymous_7)
DA:8,0
DA:11,0
DA:14,0
DA:15,0
DA:19,0
DA:20,0
DA:21,0
DA:22,0
DA:23,0
DA:26,0
DA:27,0
DA:29,0
DA:31,0
DA:32,0
DA:35,0
DA:36,0
DA:38,0
DA:39,0
DA:46,0
DA:48,0
DA:49,0
DA:50,0
DA:52,0
DA:54,0
DA:55,0
DA:58,0
DA:59,0
DA:63,0
DA:64,0
DA:66,0
DA:68,0
DA:92,0
DA:95,0
DA:96,0
DA:99,0
DA:100,0
DA:103,0
DA:109,0
DA:116,0
DA:117,0
DA:120,0
DA:121,0
DA:124,0
DA:130,0
DA:137,0
DA:138,0
DA:143,0
DA:144,0
DA:148,0
DA:149,0
DA:150,0
DA:151,0
DA:152,0
DA:155,0
DA:156,0
DA:160,0
DA:162,0
DA:164,0
DA:165,0
DA:170,0
DA:171,0
DA:173,0
DA:175,0
DA:176,0
DA:181,0
DA:182,0
DA:183,0
DA:184,0
DA:187,0
DA:188,0
DA:189,0
DA:190,0
DA:191,0
DA:192,0
DA:195,0
DA:198,0
DA:199,0
DA:200,0
DA:201,0
DA:204,0
DA:205,0
DA:206,0
DA:207,0
DA:208,0
DA:212,0
DA:214,0
DA:217,0
DA:218,0
DA:223,0
DA:224,0
DA:225,0
DA:227,0
DA:228,0
DA:231,0
DA:233,0
DA:257,0
DA:260,0
DA:261,0
DA:264,0
DA:265,0
DA:268,0
DA:274,0
DA:280,0
DA:281,0
LF:104
LH:0
BRDA:20,0,0,0
BRDA:20,0,1,0
BRDA:20,1,0,0
BRDA:20,1,1,0
BRDA:22,2,0,0
BRDA:22,2,1,0
BRDA:22,3,0,0
BRDA:22,3,1,0
BRDA:26,4,0,0
BRDA:26,4,1,0
BRDA:31,5,0,0
BRDA:31,5,1,0
BRDA:49,6,0,0
BRDA:49,6,1,0
BRDA:58,7,0,0
BRDA:58,7,1,0
BRDA:58,8,0,0
BRDA:58,8,1,0
BRDA:66,9,0,0
BRDA:66,9,1,0
BRDA:149,10,0,0
BRDA:149,10,1,0
BRDA:149,11,0,0
BRDA:149,11,1,0
BRDA:151,12,0,0
BRDA:151,12,1,0
BRDA:151,13,0,0
BRDA:151,13,1,0
BRDA:155,14,0,0
BRDA:155,14,1,0
BRDA:188,15,0,0
BRDA:188,15,1,0
BRDA:189,16,0,0
BRDA:189,16,1,0
BRDA:190,17,0,0
BRDA:190,17,1,0
BRDA:198,18,0,0
BRDA:198,18,1,0
BRDA:198,19,0,0
BRDA:198,19,1,0
BRDA:200,20,0,0
BRDA:200,20,1,0
BRDA:200,21,0,0
BRDA:200,21,1,0
BRDA:204,22,0,0
BRDA:204,22,1,0
BRDA:206,23,0,0
BRDA:206,23,1,0
BRDA:227,24,0,0
BRDA:227,24,1,0
BRDA:236,25,0,0
BRDA:236,25,1,0
BRDA:237,26,0,0
BRDA:237,26,1,0
BRF:54
BRH:0
end_of_record
TN:
SF:server/prisma.ts
FNF:0
FNH:0
DA:3,0
DA:4,0
DA:9,0
DA:13,0
DA:15,0
LF:5
LH:0
BRDA:3,0,0,0
BRDA:3,0,1,0
BRDA:13,1,0,0
BRDA:13,1,1,0
BRDA:15,2,0,0
BRDA:15,2,1,0
BRF:6
BRH:0
end_of_record
TN:
SF:server/storage.ts
FN:52,(anonymous_0)
FN:59,(anonymous_1)
FN:80,(anonymous_2)
FN:87,(anonymous_3)
FN:102,(anonymous_4)
FN:108,(anonymous_5)
FN:115,(anonymous_6)
FN:122,(anonymous_7)
FN:133,(anonymous_8)
FN:139,(anonymous_9)
FN:146,(anonymous_10)
FN:153,(anonymous_11)
FN:161,(anonymous_12)
FN:167,(anonymous_13)
FN:174,(anonymous_14)
FN:190,(anonymous_15)
FN:211,(anonymous_16)
FN:242,(anonymous_17)
FN:265,(anonymous_18)
FN:287,(anonymous_19)
FN:293,(anonymous_20)
FNF:21
FNH:0
FNDA:0,(anonymous_0)
FNDA:0,(anonymous_1)
FNDA:0,(anonymous_2)
FNDA:0,(anonymous_3)
FNDA:0,(anonymous_4)
FNDA:0,(anonymous_5)
FNDA:0,(anonymous_6)
FNDA:0,(anonymous_7)
FNDA:0,(anonymous_8)
FNDA:0,(anonymous_9)
FNDA:0,(anonymous_10)
FNDA:0,(anonymous_11)
FNDA:0,(anonymous_12)
FNDA:0,(anonymous_13)
FNDA:0,(anonymous_14)
FNDA:0,(anonymous_15)
FNDA:0,(anonymous_16)
FNDA:0,(anonymous_17)
FNDA:0,(anonymous_18)
FNDA:0,(anonymous_19)
FNDA:0,(anonymous_20)
DA:53,0
DA:56,0
DA:61,0
DA:65,0
DA:66,0
DA:74,0
DA:81,0
DA:88,0
DA:103,0
DA:109,0
DA:112,0
DA:116,0
DA:123,0
DA:134,0
DA:140,0
DA:147,0
DA:150,0
DA:154,0
DA:162,0
DA:168,0
DA:171,0
DA:175,0
DA:191,0
DA:213,0
DA:216,0
DA:218,0
DA:219,0
DA:223,0
DA:232,0
DA:233,0
DA:239,0
DA:244,0
DA:247,0
DA:250,0
DA:263,0
DA:265,0
DA:269,0
DA:288,0
DA:294,0
DA:302,0
LF:40
LH:0
BRDA:56,0,0,0
BRDA:56,0,1,0
BRDA:65,1,0,0
BRDA:65,1,1,0
BRDA:87,2,0,0
BRDA:112,3,0,0
BRDA:112,3,1,0
BRDA:150,4,0,0
BRDA:150,4,1,0
BRDA:171,5,0,0
BRDA:171,5,1,0
BRDA:216,6,0,0
BRDA:216,6,1,0
BRDA:219,7,0,0
BRDA:219,7,1,0
BRDA:232,8,0,0
BRDA:232,8,1,0
BRDA:232,9,0,0
BRDA:232,9,1,0
BRDA:242,10,0,0
BRDA:247,11,0,0
BRDA:247,11,1,0
BRDA:265,12,0,0
BRDA:265,12,1,0
BRF:24
BRH:0
end_of_record
TN:
SF:server/vite.ts
FN:11,log
FN:22,setupVite
FN:34,(anonymous_2)
FN:44,(anonymous_3)
FN:70,serveStatic
FN:82,(anonymous_5)
FNF:6
FNH:0
FNDA:0,log
FNDA:0,setupVite
FNDA:0,(anonymous_2)
FNDA:0,(anonymous_3)
FNDA:0,serveStatic
FNDA:0,(anonymous_5)
DA:9,0
DA:12,0
DA:19,0
DA:23,0
DA:29,0
DA:35,0
DA:36,0
DA:43,0
DA:44,0
DA:45,0
DA:47,0
DA:48,0
DA:56,0
DA:57,0
DA:61,0
DA:62,0
DA:64,0
DA:65,0
DA:71,0
DA:73,0
DA:74,0
DA:79,0
DA:82,0
DA:83,0
LF:24
LH:0
BRDA:11,0,0,0
BRDA:73,1,0,0
BRDA:73,1,1,0
BRF:3
BRH:0
end_of_record
TN:
SF:server/auth/auth-factory.ts
FN:10,setupAuth
FN:29,getAuthMiddleware
FNF:2
FNH:0
FNDA:0,setupAuth
FNDA:0,getAuthMiddleware
DA:12,0
DA:14,0
DA:17,0
DA:18,0
DA:19,0
DA:21,0
DA:22,0
DA:30,0
DA:32,0
DA:35,0
DA:36,0
DA:38,0
DA:45,0
LF:13
LH:0
BRDA:12,0,0,0
BRDA:12,0,1,0
BRDA:14,1,0,0
BRDA:14,1,1,0
BRDA:17,2,0,0
BRDA:17,2,1,0
BRDA:30,3,0,0
BRDA:30,3,1,0
BRDA:32,4,0,0
BRDA:32,4,1,0
BRDA:35,5,0,0
BRDA:35,5,1,0
BRF:12
BRH:0
end_of_record
TN:
SF:server/auth/cognito-provider.ts
FN:18,(anonymous_0)
FN:35,(anonymous_1)
FN:87,(anonymous_2)
FN:137,(anonymous_3)
FN:153,(anonymous_4)
FN:180,(anonymous_5)
FN:193,(anonymous_6)
FN:195,(anonymous_7)
FNF:8
FNH:0
FNDA:0,(anonymous_0)
FNDA:0,(anonymous_1)
FNDA:0,(anonymous_2)
FNDA:0,(anonymous_3)
FNDA:0,(anonymous_4)
FNDA:0,(anonymous_5)
FNDA:0,(anonymous_6)
FNDA:0,(anonymous_7)
DA:19,0
DA:27,0
DA:28,0
DA:30,0
DA:31,0
DA:36,0
DA:37,0
DA:46,0
DA:48,0
DA:49,0
DA:52,0
DA:53,0
DA:56,0
DA:60,0
DA:62,0
DA:63,0
DA:66,0
DA:76,0
DA:82,0
DA:83,0
DA:88,0
DA:89,0
DA:109,0
DA:111,0
DA:112,0
DA:115,0
DA:125,0
DA:127,0
DA:132,0
DA:133,0
DA:138,0
DA:139,0
DA:145,0
DA:146,0
DA:148,0
DA:149,0
DA:154,0
DA:155,0
DA:159,0
DA:161,0
DA:162,0
DA:165,0
DA:175,0
DA:176,0
DA:181,0
DA:182,0
DA:186,0
DA:188,0
DA:194,0
DA:195,0
DA:196,0
LF:51
LH:0
BRDA:20,0,0,0
BRDA:20,0,1,0
BRDA:30,1,0,0
BRDA:30,1,1,0
BRDA:30,2,0,0
BRDA:30,2,1,0
BRDA:48,3,0,0
BRDA:48,3,1,0
BRDA:62,4,0,0
BRDA:62,4,1,0
BRDA:98,5,0,0
BRDA:98,5,1,0
BRDA:102,6,0,0
BRDA:102,6,1,0
BRDA:111,7,0,0
BRDA:111,7,1,0
BRDA:161,8,0,0
BRDA:161,8,1,0
BRDA:167,9,0,0
BRDA:167,9,1,0
BRDA:194,10,0,0
BRDA:194,10,1,0
BRF:22
BRH:0
end_of_record
TN:
SF:server/middleware/security.ts
FN:10,(anonymous_1)
FN:64,sanitizeInput
FN:65,(anonymous_3)
FN:92,sanitizeObject
FN:113,validateRequest
FN:114,(anonymous_6)
FN:124,(anonymous_7)
FN:148,securityLogger
FN:149,(anonymous_9)
FN:158,(anonymous_10)
FN:172,(anonymous_11)
FN:186,accountLockoutProtection
FN:187,(anonymous_13)
FN:215,trackLoginAttempt
FN:238,secureErrorHandler
FN:239,(anonymous_16)
FN:308,adminIPWhitelist
FN:309,(anonymous_18)
FNF:18
FNH:0
FNDA:0,(anonymous_1)
FNDA:0,sanitizeInput
FNDA:0,(anonymous_3)
FNDA:0,sanitizeObject
FNDA:0,validateRequest
FNDA:0,(anonymous_6)
FNDA:0,(anonymous_7)
FNDA:0,securityLogger
FNDA:0,(anonymous_9)
FNDA:0,(anonymous_10)
FNDA:0,(anonymous_11)
FNDA:0,accountLockoutProtection
FNDA:0,(anonymous_13)
FNDA:0,trackLoginAttempt
FNDA:0,secureErrorHandler
FNDA:0,(anonymous_16)
FNDA:0,adminIPWhitelist
FNDA:0,(anonymous_18)
DA:3,1
DA:4,1
DA:6,1
DA:9,1
DA:12,0
DA:14,0
DA:21,0
DA:22,0
DA:24,0
DA:41,1
DA:64,1
DA:65,0
DA:66,0
DA:68,0
DA:69,0
DA:73,0
DA:74,0
DA:77,0
DA:79,0
DA:80,0
DA:93,0
DA:94,0
DA:97,0
DA:98,0
DA:101,0
DA:102,0
DA:103,0
DA:104,0
DA:106,0
DA:109,0
DA:113,1
DA:114,0
DA:115,0
DA:116,0
DA:118,0
DA:119,0
DA:124,0
DA:132,0
DA:133,0
DA:135,0
DA:136,0
DA:148,1
DA:149,0
DA:150,0
DA:153,0
DA:158,0
DA:159,0
DA:162,0
DA:163,0
DA:172,0
DA:173,0
DA:174,0
DA:175,0
DA:179,0
DA:184,1
DA:186,1
DA:187,0
DA:188,0
DA:189,0
DA:190,0
DA:193,0
DA:194,0
DA:195,0
DA:206,0
DA:207,0
DA:210,0
DA:215,1
DA:216,0
DA:217,0
DA:219,0
DA:221,0
DA:224,0
DA:225,0
DA:228,0
DA:229,0
DA:230,0
DA:233,0
DA:238,1
DA:239,0
DA:241,0
DA:251,0
DA:252,0
DA:254,0
DA:255,0
DA:258,0
DA:259,0
DA:260,0
DA:261,0
DA:262,0
DA:263,0
DA:264,0
DA:265,0
DA:266,0
DA:267,0
DA:268,0
DA:269,0
DA:270,0
DA:271,0
DA:272,0
DA:276,0
DA:277,0
DA:280,0
DA:292,1
DA:293,1
DA:296,1
DA:302,1
DA:308,1
DA:309,0
DA:310,0
DA:312,0
DA:313,0
DA:322,0
LF:112
LH:17
BRDA:12,0,0,0
BRDA:12,0,1,0
BRDA:21,1,0,0
BRDA:21,1,1,0
BRDA:68,2,0,0
BRDA:68,2,1,0
BRDA:68,3,0,0
BRDA:68,3,1,0
BRDA:73,4,0,0
BRDA:73,4,1,0
BRDA:73,5,0,0
BRDA:73,5,1,0
BRDA:93,6,0,0
BRDA:93,6,1,0
BRDA:97,7,0,0
BRDA:97,7,1,0
BRDA:101,8,0,0
BRDA:101,8,1,0
BRDA:101,9,0,0
BRDA:101,9,1,0
BRDA:118,10,0,0
BRDA:118,10,1,0
BRDA:159,11,0,0
BRDA:159,11,1,0
BRDA:162,12,0,0
BRDA:162,12,1,0
BRDA:174,13,0,0
BRDA:174,13,1,0
BRDA:188,14,0,0
BRDA:188,14,1,0
BRDA:193,15,0,0
BRDA:193,15,1,0
BRDA:193,16,0,0
BRDA:193,16,1,0
BRDA:206,17,0,0
BRDA:206,17,1,0
BRDA:206,18,0,0
BRDA:206,18,1,0
BRDA:217,19,0,0
BRDA:217,19,1,0
BRDA:219,20,0,0
BRDA:219,20,1,0
BRDA:228,21,0,0
BRDA:228,21,1,0
BRDA:243,22,0,0
BRDA:243,22,1,0
BRDA:252,23,0,0
BRDA:252,23,1,0
BRDA:252,23,2,0
BRDA:258,24,0,0
BRDA:258,24,1,0
BRDA:261,25,0,0
BRDA:261,25,1,0
BRDA:264,26,0,0
BRDA:264,26,1,0
BRDA:267,27,0,0
BRDA:267,27,1,0
BRDA:270,28,0,0
BRDA:270,28,1,0
BRDA:276,29,0,0
BRDA:276,29,1,0
BRDA:276,30,0,0
BRDA:276,30,1,0
BRDA:310,31,0,0
BRDA:310,31,1,0
BRDA:312,32,0,0
BRDA:312,32,1,0
BRDA:312,33,0,0
BRDA:312,33,1,0
BRF:69
BRH:0
end_of_record
TN:
SF:server/middleware/subscription.ts
FN:16,requireProSubscription
FN:19,(anonymous_1)
FN:64,addSubscriptionInfo
FN:67,(anonymous_3)
FN:112,(anonymous_5)
FN:176,requireFeature
FN:183,(anonymous_7)
FNF:7
FNH:0
FNDA:0,requireProSubscription
FNDA:0,(anonymous_1)
FNDA:0,addSubscriptionInfo
FNDA:0,(anonymous_3)
FNDA:0,(anonymous_5)
FNDA:0,requireFeature
FNDA:0,(anonymous_7)
DA:17,0
DA:19,0
DA:20,0
DA:21,0
DA:22,0
DA:31,0
DA:34,0
DA:36,0
DA:37,0
DA:47,0
DA:49,0
DA:50,0
DA:65,0
DA:67,0
DA:68,0
DA:69,0
DA:70,0
DA:77,0
DA:80,0
DA:83,0
DA:84,0
DA:86,0
DA:88,0
DA:90,0
DA:97,0
DA:110,0
DA:112,0
DA:113,0
DA:114,0
DA:115,0
DA:124,0
DA:125,0
DA:128,0
DA:131,0
DA:132,0
DA:136,0
DA:137,0
DA:139,0
DA:141,0
DA:145,0
DA:148,0
DA:149,0
DA:161,0
DA:162,0
DA:164,0
DA:166,0
DA:168,0
DA:181,0
DA:183,0
DA:184,0
DA:185,0
DA:186,0
DA:195,0
DA:197,0
DA:198,0
DA:200,0
DA:201,0
DA:213,0
DA:215,0
DA:216,0
LF:60
LH:0
BRDA:21,0,0,0
BRDA:21,0,1,0
BRDA:36,1,0,0
BRDA:36,1,1,0
BRDA:69,2,0,0
BRDA:69,2,1,0
BRDA:107,3,0,0
BRDA:108,4,0,0
BRDA:114,5,0,0
BRDA:114,5,1,0
BRDA:131,6,0,0
BRDA:131,6,1,0
BRDA:139,7,0,0
BRDA:139,7,1,0
BRDA:139,8,0,0
BRDA:139,8,1,0
BRDA:148,9,0,0
BRDA:148,9,1,0
BRDA:179,10,0,0
BRDA:185,11,0,0
BRDA:185,11,1,0
BRDA:197,12,0,0
BRDA:197,12,1,0
BRDA:200,13,0,0
BRDA:200,13,1,0
BRF:25
BRH:0
end_of_record
TN:
SF:server/services/analytics.ts
FN:34,(anonymous_0)
FN:38,(anonymous_1)
FN:43,(anonymous_2)
FN:44,(anonymous_3)
FN:50,(anonymous_4)
FN:59,(anonymous_5)
FN:78,(anonymous_6)
FN:100,(anonymous_7)
FN:120,(anonymous_8)
FN:136,(anonymous_9)
FN:146,(anonymous_10)
FN:163,(anonymous_11)
FN:181,(anonymous_12)
FN:187,(anonymous_13)
FN:191,(anonymous_14)
FN:195,(anonymous_15)
FN:201,(anonymous_16)
FN:203,(anonymous_17)
FN:206,(anonymous_18)
FN:225,(anonymous_19)
FN:232,(anonymous_20)
FN:246,(anonymous_21)
FN:265,(anonymous_22)
FN:278,(anonymous_23)
FN:293,(anonymous_24)
FN:316,(anonymous_25)
FN:318,(anonymous_26)
FN:322,(anonymous_27)
FN:324,(anonymous_28)
FN:328,(anonymous_29)
FN:330,(anonymous_30)
FN:334,(anonymous_31)
FN:337,(anonymous_32)
FN:345,(anonymous_33)
FN:347,(anonymous_34)
FN:349,(anonymous_35)
FN:353,(anonymous_36)
FN:357,(anonymous_37)
FN:358,(anonymous_38)
FN:364,(anonymous_39)
FN:365,(anonymous_40)
FN:368,(anonymous_41)
FN:372,(anonymous_42)
FN:373,(anonymous_43)
FN:384,(anonymous_44)
FN:385,(anonymous_45)
FN:391,(anonymous_46)
FN:392,(anonymous_47)
FN:393,(anonymous_48)
FN:399,(anonymous_49)
FN:402,(anonymous_50)
FN:406,(anonymous_51)
FN:410,(anonymous_52)
FN:411,(anonymous_53)
FN:419,(anonymous_54)
FN:423,(anonymous_55)
FN:424,(anonymous_56)
FN:430,(anonymous_57)
FN:431,(anonymous_58)
FN:437,createPerformanceMiddleware
FN:438,(anonymous_60)
FN:441,(anonymous_61)
FNF:62
FNH:0
FNDA:0,(anonymous_0)
FNDA:0,(anonymous_1)
FNDA:0,(anonymous_2)
FNDA:0,(anonymous_3)
FNDA:0,(anonymous_4)
FNDA:0,(anonymous_5)
FNDA:0,(anonymous_6)
FNDA:0,(anonymous_7)
FNDA:0,(anonymous_8)
FNDA:0,(anonymous_9)
FNDA:0,(anonymous_10)
FNDA:0,(anonymous_11)
FNDA:0,(anonymous_12)
FNDA:0,(anonymous_13)
FNDA:0,(anonymous_14)
FNDA:0,(anonymous_15)
FNDA:0,(anonymous_16)
FNDA:0,(anonymous_17)
FNDA:0,(anonymous_18)
FNDA:0,(anonymous_19)
FNDA:0,(anonymous_20)
FNDA:0,(anonymous_21)
FNDA:0,(anonymous_22)
FNDA:0,(anonymous_23)
FNDA:0,(anonymous_24)
FNDA:0,(anonymous_25)
FNDA:0,(anonymous_26)
FNDA:0,(anonymous_27)
FNDA:0,(anonymous_28)
FNDA:0,(anonymous_29)
FNDA:0,(anonymous_30)
FNDA:0,(anonymous_31)
FNDA:0,(anonymous_32)
FNDA:0,(anonymous_33)
FNDA:0,(anonymous_34)
FNDA:0,(anonymous_35)
FNDA:0,(anonymous_36)
FNDA:0,(anonymous_37)
FNDA:0,(anonymous_38)
FNDA:0,(anonymous_39)
FNDA:0,(anonymous_40)
FNDA:0,(anonymous_41)
FNDA:0,(anonymous_42)
FNDA:0,(anonymous_43)
FNDA:0,(anonymous_44)
FNDA:0,(anonymous_45)
FNDA:0,(anonymous_46)
FNDA:0,(anonymous_47)
FNDA:0,(anonymous_48)
FNDA:0,(anonymous_49)
FNDA:0,(anonymous_50)
FNDA:0,(anonymous_51)
FNDA:0,(anonymous_52)
FNDA:0,(anonymous_53)
FNDA:0,(anonymous_54)
FNDA:0,(anonymous_55)
FNDA:0,(anonymous_56)
FNDA:0,(anonymous_57)
FNDA:0,(anonymous_58)
FNDA:0,createPerformanceMiddleware
FNDA:0,(anonymous_60)
FNDA:0,(anonymous_61)
DA:29,0
DA:30,0
DA:31,0
DA:35,0
DA:38,0
DA:39,0
DA:43,0
DA:44,0
DA:51,0
DA:52,0
DA:53,0
DA:60,0
DA:67,0
DA:70,0
DA:71,0
DA:85,0
DA:94,0
DA:106,0
DA:114,0
DA:121,0
DA:127,0
DA:137,0
DA:147,0
DA:153,0
DA:154,0
DA:170,0
DA:182,0
DA:186,0
DA:187,0
DA:190,0
DA:191,0
DA:194,0
DA:195,0
DA:198,0
DA:201,0
DA:203,0
DA:206,0
DA:225,0
DA:232,0
DA:238,0
DA:239,0
DA:247,0
DA:248,0
DA:251,0
DA:252,0
DA:253,0
DA:255,0
DA:258,0
DA:259,0
DA:260,0
DA:263,0
DA:264,0
DA:265,0
DA:276,0
DA:277,0
DA:278,0
DA:291,0
DA:292,0
DA:293,0
DA:304,0
DA:306,0
DA:309,0
DA:310,0
DA:311,0
DA:317,0
DA:318,0
DA:319,0
DA:323,0
DA:324,0
DA:325,0
DA:329,0
DA:330,0
DA:331,0
DA:335,0
DA:337,0
DA:338,0
DA:339,0
DA:341,0
DA:344,0
DA:345,0
DA:347,0
DA:349,0
DA:354,0
DA:356,0
DA:357,0
DA:359,0
DA:360,0
DA:363,0
DA:364,0
DA:365,0
DA:369,0
DA:371,0
DA:372,0
DA:374,0
DA:375,0
DA:377,0
DA:378,0
DA:380,0
DA:383,0
DA:384,0
DA:385,0
DA:388,0
DA:392,0
DA:393,0
DA:395,0
DA:396,0
DA:401,0
DA:402,0
DA:403,0
DA:407,0
DA:409,0
DA:410,0
DA:412,0
DA:413,0
DA:416,0
DA:420,0
DA:422,0
DA:423,0
DA:425,0
DA:426,0
DA:429,0
DA:430,0
DA:431,0
DA:438,0
DA:439,0
DA:441,0
DA:442,0
DA:443,0
DA:445,0
DA:454,0
DA:455,0
DA:464,0
LF:132
LH:0
BRDA:59,0,0,0
BRDA:70,1,0,0
BRDA:70,1,1,0
BRDA:127,2,0,0
BRDA:127,2,1,0
BRDA:153,3,0,0
BRDA:153,3,1,0
BRDA:153,4,0,0
BRDA:153,4,1,0
BRDA:187,5,0,0
BRDA:187,5,1,0
BRDA:191,6,0,0
BRDA:191,6,1,0
BRDA:195,7,0,0
BRDA:195,7,1,0
BRDA:203,8,0,0
BRDA:203,8,1,0
BRDA:247,9,0,0
BRDA:247,9,1,0
BRDA:247,10,0,0
BRDA:247,10,1,0
BRDA:247,10,2,0
BRDA:263,11,0,0
BRDA:263,11,1,0
BRDA:276,12,0,0
BRDA:276,12,1,0
BRDA:291,13,0,0
BRDA:291,13,1,0
BRDA:317,14,0,0
BRDA:317,14,1,0
BRDA:318,15,0,0
BRDA:318,15,1,0
BRDA:323,16,0,0
BRDA:323,16,1,0
BRDA:329,17,0,0
BRDA:329,17,1,0
BRDA:338,18,0,0
BRDA:338,18,1,0
BRDA:360,19,0,0
BRDA:360,19,1,0
BRDA:375,20,0,0
BRDA:375,20,1,0
BRDA:377,21,0,0
BRDA:377,21,1,0
BRDA:395,22,0,0
BRDA:395,22,1,0
BRDA:413,23,0,0
BRDA:413,23,1,0
BRDA:426,24,0,0
BRDA:426,24,1,0
BRDA:454,25,0,0
BRDA:454,25,1,0
BRF:52
BRH:0
end_of_record
TN:
SF:server/services/bedrock.ts
FN:30,validateStartupIdea
FN:158,generateMatchingInsights
FN:251,generateText
FNF:3
FNH:0
FNDA:0,validateStartupIdea
FNDA:0,generateMatchingInsights
FNDA:0,generateText
DA:4,0
DA:37,0
DA:38,0
DA:39,0
DA:42,0
DA:94,0
DA:112,0
DA:119,0
DA:121,0
DA:122,0
DA:126,0
DA:127,0
DA:129,0
DA:130,0
DA:134,0
DA:135,0
DA:136,0
DA:139,0
DA:142,0
DA:143,0
DA:147,0
DA:148,0
DA:149,0
DA:151,0
DA:153,0
DA:154,0
DA:163,0
DA:164,0
DA:165,0
DA:168,0
DA:191,0
DA:209,0
DA:216,0
DA:218,0
DA:219,0
DA:222,0
DA:223,0
DA:225,0
DA:226,0
DA:230,0
DA:231,0
DA:232,0
DA:235,0
DA:236,0
DA:238,0
DA:240,0
DA:242,0
DA:243,0
DA:252,0
DA:253,0
DA:254,0
DA:257,0
DA:275,0
DA:282,0
DA:284,0
DA:285,0
DA:288,0
DA:289,0
DA:291,0
DA:292,0
DA:295,0
DA:297,0
DA:298,0
LF:63
LH:0
BRDA:5,0,0,0
BRDA:5,0,1,0
BRDA:5,0,2,0
BRDA:38,1,0,0
BRDA:38,1,1,0
BRDA:38,2,0,0
BRDA:38,2,1,0
BRDA:121,3,0,0
BRDA:121,3,1,0
BRDA:129,4,0,0
BRDA:129,4,1,0
BRDA:135,5,0,0
BRDA:135,5,1,0
BRDA:142,6,0,0
BRDA:142,6,1,0
BRDA:142,7,0,0
BRDA:142,7,1,0
BRDA:142,7,2,0
BRDA:164,8,0,0
BRDA:164,8,1,0
BRDA:164,9,0,0
BRDA:164,9,1,0
BRDA:218,10,0,0
BRDA:218,10,1,0
BRDA:225,11,0,0
BRDA:225,11,1,0
BRDA:231,12,0,0
BRDA:231,12,1,0
BRDA:242,13,0,0
BRDA:242,13,1,0
BRDA:253,14,0,0
BRDA:253,14,1,0
BRDA:253,15,0,0
BRDA:253,15,1,0
BRDA:284,16,0,0
BRDA:284,16,1,0
BRDA:291,17,0,0
BRDA:291,17,1,0
BRF:38
BRH:0
end_of_record
TN:
SF:server/services/cache-manager.ts
FN:28,(anonymous_0)
FN:30,(anonymous_1)
FN:36,(anonymous_2)
FN:45,(anonymous_3)
FN:68,(anonymous_4)
FN:92,(anonymous_5)
FN:120,(anonymous_6)
FN:137,(anonymous_7)
FN:154,(anonymous_8)
FN:163,(anonymous_9)
FN:169,(anonymous_10)
FN:171,(anonymous_11)
FN:173,(anonymous_12)
FN:181,(anonymous_13)
FN:200,(anonymous_14)
FN:204,(anonymous_15)
FN:219,(anonymous_16)
FN:245,(anonymous_18)
FN:248,(anonymous_19)
FN:260,(anonymous_20)
FN:278,(anonymous_22)
FN:281,(anonymous_23)
FN:291,(anonymous_24)
FN:309,(anonymous_26)
FN:312,(anonymous_27)
FN:321,(anonymous_28)
FN:339,(anonymous_30)
FN:342,(anonymous_31)
FN:351,(anonymous_32)
FN:371,(anonymous_33)
FN:378,(anonymous_34)
FN:385,(anonymous_35)
FNF:32
FNH:0
FNDA:0,(anonymous_0)
FNDA:0,(anonymous_1)
FNDA:0,(anonymous_2)
FNDA:0,(anonymous_3)
FNDA:0,(anonymous_4)
FNDA:0,(anonymous_5)
FNDA:0,(anonymous_6)
FNDA:0,(anonymous_7)
FNDA:0,(anonymous_8)
FNDA:0,(anonymous_9)
FNDA:0,(anonymous_10)
FNDA:0,(anonymous_11)
FNDA:0,(anonymous_12)
FNDA:0,(anonymous_13)
FNDA:0,(anonymous_14)
FNDA:0,(anonymous_15)
FNDA:0,(anonymous_16)
FNDA:0,(anonymous_18)
FNDA:0,(anonymous_19)
FNDA:0,(anonymous_20)
FNDA:0,(anonymous_22)
FNDA:0,(anonymous_23)
FNDA:0,(anonymous_24)
FNDA:0,(anonymous_26)
FNDA:0,(anonymous_27)
FNDA:0,(anonymous_28)
FNDA:0,(anonymous_30)
FNDA:0,(anonymous_31)
FNDA:0,(anonymous_32)
FNDA:0,(anonymous_33)
FNDA:0,(anonymous_34)
FNDA:0,(anonymous_35)
DA:23,0
DA:24,0
DA:25,0
DA:26,0
DA:30,0
DA:37,0
DA:38,0
DA:39,0
DA:46,0
DA:48,0
DA:49,0
DA:53,0
DA:54,0
DA:55,0
DA:59,0
DA:60,0
DA:62,0
DA:69,0
DA:70,0
DA:72,0
DA:81,0
DA:84,0
DA:85,0
DA:98,0
DA:101,0
DA:102,0
DA:103,0
DA:104,0
DA:108,0
DA:109,0
DA:112,0
DA:114,0
DA:121,0
DA:123,0
DA:124,0
DA:125,0
DA:126,0
DA:130,0
DA:131,0
DA:138,0
DA:140,0
DA:141,0
DA:142,0
DA:143,0
DA:147,0
DA:148,0
DA:155,0
DA:156,0
DA:157,0
DA:164,0
DA:165,0
DA:167,0
DA:169,0
DA:171,0
DA:173,0
DA:182,0
DA:183,0
DA:185,0
DA:186,0
DA:187,0
DA:188,0
DA:192,0
DA:193,0
DA:201,0
DA:204,0
DA:207,0
DA:209,0
DA:210,0
DA:213,0
DA:220,0
DA:222,0
DA:223,0
DA:224,0
DA:225,0
DA:228,0
DA:233,0
DA:245,0
DA:246,0
DA:248,0
DA:249,0
DA:257,0
DA:260,0
DA:268,0
DA:278,0
DA:279,0
DA:281,0
DA:282,0
DA:288,0
DA:291,0
DA:299,0
DA:309,0
DA:310,0
DA:312,0
DA:313,0
DA:318,0
DA:321,0
DA:329,0
DA:339,0
DA:340,0
DA:342,0
DA:343,0
DA:348,0
DA:351,0
DA:359,0
DA:372,0
DA:379,0
DA:386,0
DA:387,0
DA:388,0
LF:109
LH:0
BRDA:48,0,0,0
BRDA:48,0,1,0
BRDA:53,1,0,0
BRDA:53,1,1,0
BRDA:68,2,0,0
BRDA:69,3,0,0
BRDA:69,3,1,0
BRDA:78,4,0,0
BRDA:78,4,1,0
BRDA:84,5,0,0
BRDA:84,5,1,0
BRDA:84,6,0,0
BRDA:84,6,1,0
BRDA:96,7,0,0
BRDA:102,8,0,0
BRDA:102,8,1,0
BRDA:124,9,0,0
BRDA:124,9,1,0
BRDA:141,10,0,0
BRDA:141,10,1,0
BRDA:170,11,0,0
BRDA:170,11,1,0
BRDA:186,12,0,0
BRDA:186,12,1,0
BRDA:192,13,0,0
BRDA:192,13,1,0
BRDA:243,14,0,0
BRDA:276,15,0,0
BRDA:307,16,0,0
BRDA:337,17,0,0
BRDA:345,18,0,0
BRDA:345,18,1,0
BRF:32
BRH:0
end_of_record
TN:
SF:server/services/domain-checker.ts
FN:3,(anonymous_0)
FN:12,(anonymous_1)
FN:55,(anonymous_2)
FN:87,(anonymous_3)
FN:123,(anonymous_4)
FN:158,(anonymous_5)
FN:194,(anonymous_6)
FN:214,(anonymous_7)
FN:227,(anonymous_8)
FN:237,(anonymous_9)
FN:244,(anonymous_10)
FN:255,(anonymous_11)
FN:266,(anonymous_12)
FN:282,(anonymous_13)
FN:286,(anonymous_14)
FN:296,(anonymous_15)
FN:297,(anonymous_16)
FN:314,(anonymous_17)
FN:318,(anonymous_18)
FNF:19
FNH:0
FNDA:0,(anonymous_0)
FNDA:0,(anonymous_1)
FNDA:0,(anonymous_2)
FNDA:0,(anonymous_3)
FNDA:0,(anonymous_4)
FNDA:0,(anonymous_5)
FNDA:0,(anonymous_6)
FNDA:0,(anonymous_7)
FNDA:0,(anonymous_8)
FNDA:0,(anonymous_9)
FNDA:0,(anonymous_10)
FNDA:0,(anonymous_11)
FNDA:0,(anonymous_12)
FNDA:0,(anonymous_13)
FNDA:0,(anonymous_14)
FNDA:0,(anonymous_15)
FNDA:0,(anonymous_16)
FNDA:0,(anonymous_17)
FNDA:0,(anonymous_18)
DA:4,0
DA:5,0
DA:17,0
DA:18,0
DA:19,0
DA:22,0
DA:25,0
DA:26,0
DA:27,0
DA:28,0
DA:30,0
DA:39,0
DA:41,0
DA:45,0
DA:47,0
DA:48,0
DA:61,0
DA:63,0
DA:70,0
DA:71,0
DA:72,0
DA:77,0
DA:79,0
DA:80,0
DA:93,0
DA:94,0
DA:97,0
DA:98,0
DA:103,0
DA:104,0
DA:105,0
DA:107,0
DA:114,0
DA:117,0
DA:129,0
DA:130,0
DA:133,0
DA:134,0
DA:139,0
DA:140,0
DA:141,0
DA:143,0
DA:149,0
DA:152,0
DA:164,0
DA:165,0
DA:168,0
DA:169,0
DA:174,0
DA:175,0
DA:176,0
DA:177,0
DA:179,0
DA:185,0
DA:188,0
DA:201,0
DA:203,0
DA:219,0
DA:222,0
DA:223,0
DA:224,0
DA:227,0
DA:228,0
DA:229,0
DA:230,0
DA:231,0
DA:235,0
DA:236,0
DA:237,0
DA:238,0
DA:239,0
DA:244,0
DA:245,0
DA:246,0
DA:249,0
DA:256,0
DA:267,0
DA:276,0
DA:283,0
DA:284,0
DA:286,0
DA:287,0
DA:290,0
DA:297,0
DA:299,0
DA:300,0
DA:303,0
DA:304,0
DA:307,0
DA:315,0
DA:316,0
DA:318,0
DA:319,0
DA:327,0
LF:94
LH:0
BRDA:14,0,0,0
BRDA:39,1,0,0
BRDA:39,1,1,0
BRDA:41,2,0,0
BRDA:41,2,1,0
BRDA:71,3,0,0
BRDA:71,3,1,0
BRDA:71,4,0,0
BRDA:71,4,1,0
BRDA:93,5,0,0
BRDA:93,5,1,0
BRDA:93,6,0,0
BRDA:93,6,1,0
BRDA:103,7,0,0
BRDA:103,7,1,0
BRDA:110,8,0,0
BRDA:110,8,1,0
BRDA:129,9,0,0
BRDA:129,9,1,0
BRDA:139,10,0,0
BRDA:139,10,1,0
BRDA:141,11,0,0
BRDA:141,11,1,0
BRDA:164,12,0,0
BRDA:164,12,1,0
BRDA:174,13,0,0
BRDA:174,13,1,0
BRDA:177,14,0,0
BRDA:177,14,1,0
BRDA:201,15,0,0
BRDA:201,15,1,0
BRDA:205,16,0,0
BRDA:205,16,1,0
BRDA:207,17,0,0
BRDA:207,17,1,0
BRDA:235,18,0,0
BRDA:235,18,1,0
BRDA:276,19,0,0
BRDA:276,19,1,0
BRDA:299,20,0,0
BRDA:299,20,1,0
BRDA:299,21,0,0
BRDA:299,21,1,0
BRDA:300,22,0,0
BRDA:300,22,1,0
BRDA:300,23,0,0
BRDA:300,23,1,0
BRDA:303,24,0,0
BRDA:303,24,1,0
BRDA:303,25,0,0
BRDA:303,25,1,0
BRDA:304,26,0,0
BRDA:304,26,1,0
BRDA:304,27,0,0
BRDA:304,27,1,0
BRF:55
BRH:0
end_of_record
TN:
SF:server/services/funding-matcher.ts
FN:6,(anonymous_0)
FN:13,(anonymous_1)
FN:19,(anonymous_2)
FN:31,(anonymous_3)
FN:38,(anonymous_4)
FN:49,(anonymous_5)
FN:91,(anonymous_6)
FN:102,(anonymous_7)
FN:121,(anonymous_8)
FN:132,(anonymous_9)
FN:335,(anonymous_10)
FN:342,(anonymous_11)
FN:343,(anonymous_12)
FN:349,(anonymous_13)
FN:351,(anonymous_14)
FNF:15
FNH:0
FNDA:0,(anonymous_0)
FNDA:0,(anonymous_1)
FNDA:0,(anonymous_2)
FNDA:0,(anonymous_3)
FNDA:0,(anonymous_4)
FNDA:0,(anonymous_5)
FNDA:0,(anonymous_6)
FNDA:0,(anonymous_7)
FNDA:0,(anonymous_8)
FNDA:0,(anonymous_9)
FNDA:0,(anonymous_10)
FNDA:0,(anonymous_11)
FNDA:0,(anonymous_12)
FNDA:0,(anonymous_13)
FNDA:0,(anonymous_14)
DA:4,0
DA:7,0
DA:18,0
DA:19,0
DA:21,0
DA:25,0
DA:27,0
DA:31,0
DA:37,0
DA:38,0
DA:41,0
DA:42,0
DA:55,0
DA:58,0
DA:59,0
DA:60,0
DA:61,0
DA:65,0
DA:66,0
DA:70,0
DA:71,0
DA:72,0
DA:74,0
DA:78,0
DA:79,0
DA:80,0
DA:82,0
DA:85,0
DA:92,0
DA:93,0
DA:95,0
DA:96,0
DA:103,0
DA:104,0
DA:105,0
DA:106,0
DA:108,0
DA:109,0
DA:110,0
DA:111,0
DA:112,0
DA:114,0
DA:122,0
DA:123,0
DA:125,0
DA:126,0
DA:133,0
DA:336,0
DA:343,0
DA:350,0
DA:351,0
DA:352,0
LF:52
LH:0
BRDA:21,0,0,0
BRDA:21,0,1,0
BRDA:27,1,0,0
BRDA:27,1,1,0
BRDA:58,2,0,0
BRDA:58,2,1,0
BRDA:60,3,0,0
BRDA:60,3,1,0
BRDA:65,4,0,0
BRDA:65,4,1,0
BRDA:70,5,0,0
BRDA:70,5,1,0
BRDA:70,6,0,0
BRDA:70,6,1,0
BRDA:78,7,0,0
BRDA:78,7,1,0
BRDA:93,8,0,0
BRDA:93,8,1,0
BRDA:108,9,0,0
BRDA:108,9,1,0
BRDA:109,10,0,0
BRDA:109,10,1,0
BRDA:110,11,0,0
BRDA:110,11,1,0
BRDA:111,12,0,0
BRDA:111,12,1,0
BRDA:123,13,0,0
BRDA:123,13,1,0
BRDA:126,14,0,0
BRDA:126,14,1,0
BRDA:352,15,0,0
BRDA:352,15,1,0
BRF:32
BRH:0
end_of_record
TN:
SF:server/services/perplexity.ts
FN:61,validateStartupIdea
FN:232,generateMatchingInsights
FNF:2
FNH:0
FNDA:0,validateStartupIdea
FNDA:0,generateMatchingInsights
DA:62,0
DA:63,0
DA:66,0
DA:91,0
DA:92,0
DA:120,0
DA:121,0
DA:122,0
DA:127,0
DA:130,0
DA:131,0
DA:133,0
DA:134,0
DA:139,0
DA:141,0
DA:144,0
DA:145,0
DA:146,0
DA:149,0
DA:150,0
DA:151,0
DA:152,0
DA:154,0
DA:160,0
DA:161,0
DA:162,0
DA:163,0
DA:165,0
DA:195,0
DA:198,0
DA:233,0
DA:235,0
DA:241,0
DA:242,0
DA:248,0
DA:261,0
DA:262,0
DA:286,0
DA:287,0
DA:290,0
DA:291,0
DA:293,0
DA:294,0
DA:298,0
DA:299,0
DA:302,0
DA:303,0
DA:304,0
DA:306,0
DA:310,0
DA:316,0
DA:319,0
DA:325,0
DA:326,0
LF:54
LH:0
BRDA:62,0,0,0
BRDA:62,0,1,0
BRDA:120,1,0,0
BRDA:120,1,1,0
BRDA:133,2,0,0
BRDA:133,2,1,0
BRDA:145,3,0,0
BRDA:145,3,1,0
BRDA:151,4,0,0
BRDA:151,4,1,0
BRDA:151,5,0,0
BRDA:151,5,1,0
BRDA:160,6,0,0
BRDA:160,6,1,0
BRDA:161,7,0,0
BRDA:161,7,1,0
BRDA:162,8,0,0
BRDA:162,8,1,0
BRDA:170,9,0,0
BRDA:170,9,1,0
BRDA:171,10,0,0
BRDA:171,10,1,0
BRDA:172,11,0,0
BRDA:172,11,1,0
BRDA:176,12,0,0
BRDA:176,12,1,0
BRDA:177,13,0,0
BRDA:177,13,1,0
BRDA:178,14,0,0
BRDA:178,14,1,0
BRDA:182,15,0,0
BRDA:182,15,1,0
BRDA:183,16,0,0
BRDA:183,16,1,0
BRDA:184,17,0,0
BRDA:184,17,1,0
BRDA:186,18,0,0
BRDA:186,18,1,0
BRDA:187,19,0,0
BRDA:187,19,1,0
BRDA:190,20,0,0
BRDA:190,20,1,0
BRDA:233,21,0,0
BRDA:233,21,1,0
BRDA:241,22,0,0
BRDA:241,22,1,0
BRDA:286,23,0,0
BRDA:286,23,1,0
BRDA:293,24,0,0
BRDA:293,24,1,0
BRDA:303,25,0,0
BRDA:303,25,1,0
BRDA:311,26,0,0
BRDA:311,26,1,0
BRDA:312,27,0,0
BRDA:312,27,1,0
BRDA:325,28,0,0
BRDA:325,28,1,0
BRF:58
BRH:0
end_of_record
TN:
SF:server/services/privacy-manager.ts
FN:7,(anonymous_0)
FN:14,(anonymous_1)
FN:45,(anonymous_2)
FN:81,(anonymous_3)
FN:111,(anonymous_4)
FN:120,(anonymous_5)
FN:126,(anonymous_6)
FN:143,(anonymous_7)
FN:160,(anonymous_8)
FN:177,(anonymous_9)
FN:194,(anonymous_10)
FN:223,(anonymous_11)
FNF:12
FNH:0
FNDA:0,(anonymous_0)
FNDA:0,(anonymous_1)
FNDA:0,(anonymous_2)
FNDA:0,(anonymous_3)
FNDA:0,(anonymous_4)
FNDA:0,(anonymous_5)
FNDA:0,(anonymous_6)
FNDA:0,(anonymous_7)
FNDA:0,(anonymous_8)
FNDA:0,(anonymous_9)
FNDA:0,(anonymous_10)
FNDA:0,(anonymous_11)
DA:8,0
DA:15,0
DA:16,0
DA:26,0
DA:27,0
DA:30,0
DA:37,0
DA:38,0
DA:49,0
DA:50,0
DA:66,0
DA:73,0
DA:74,0
DA:82,0
DA:83,0
DA:101,0
DA:103,0
DA:104,0
DA:112,0
DA:120,0
DA:127,0
DA:128,0
DA:133,0
DA:135,0
DA:136,0
DA:144,0
DA:145,0
DA:150,0
DA:152,0
DA:153,0
DA:161,0
DA:162,0
DA:167,0
DA:169,0
DA:170,0
DA:178,0
DA:179,0
DA:184,0
DA:186,0
DA:187,0
DA:195,0
DA:196,0
DA:213,0
DA:215,0
DA:216,0
DA:224,0
DA:226,0
DA:227,0
DA:228,0
DA:231,0
DA:232,0
DA:236,0
LF:52
LH:0
BRDA:26,0,0,0
BRDA:26,0,1,0
BRDA:133,1,0,0
BRDA:133,1,1,0
BRDA:150,2,0,0
BRDA:150,2,1,0
BRDA:167,3,0,0
BRDA:167,3,1,0
BRDA:184,4,0,0
BRDA:184,4,1,0
BRDA:200,5,0,0
BRDA:200,5,1,0
BRDA:227,6,0,0
BRDA:227,6,1,0
BRDA:231,7,0,0
BRDA:231,7,1,0
BRF:16
BRH:0
end_of_record
TN:
SF:server/services/pro-report-generator.ts
FN:14,(anonymous_0)
FN:34,(anonymous_1)
FN:64,(anonymous_2)
FN:131,(anonymous_3)
FN:167,(anonymous_4)
FN:202,(anonymous_5)
FN:240,(anonymous_6)
FN:274,(anonymous_7)
FN:279,(anonymous_8)
FN:299,(anonymous_9)
FN:314,(anonymous_10)
FN:336,(anonymous_11)
FN:358,(anonymous_12)
FN:375,(anonymous_13)
FN:388,(anonymous_14)
FN:419,(anonymous_15)
FN:455,(anonymous_16)
FN:494,(anonymous_17)
FN:530,(anonymous_18)
FN:547,(anonymous_19)
FN:590,(anonymous_20)
FNF:21
FNH:0
FNDA:0,(anonymous_0)
FNDA:0,(anonymous_1)
FNDA:0,(anonymous_2)
FNDA:0,(anonymous_3)
FNDA:0,(anonymous_4)
FNDA:0,(anonymous_5)
FNDA:0,(anonymous_6)
FNDA:0,(anonymous_7)
FNDA:0,(anonymous_8)
FNDA:0,(anonymous_9)
FNDA:0,(anonymous_10)
FNDA:0,(anonymous_11)
FNDA:0,(anonymous_12)
FNDA:0,(anonymous_13)
FNDA:0,(anonymous_14)
FNDA:0,(anonymous_15)
FNDA:0,(anonymous_16)
FNDA:0,(anonymous_17)
FNDA:0,(anonymous_18)
FNDA:0,(anonymous_19)
FNDA:0,(anonymous_20)
DA:15,0
DA:16,0
DA:19,0
DA:26,0
DA:27,0
DA:28,0
DA:35,0
DA:49,0
DA:56,0
DA:57,0
DA:58,0
DA:72,0
DA:73,0
DA:88,0
DA:102,0
DA:120,0
DA:121,0
DA:123,0
DA:124,0
DA:137,0
DA:154,0
DA:155,0
DA:156,0
DA:157,0
DA:159,0
DA:160,0
DA:174,0
DA:189,0
DA:190,0
DA:191,0
DA:192,0
DA:194,0
DA:195,0
DA:210,0
DA:227,0
DA:228,0
DA:229,0
DA:230,0
DA:232,0
DA:233,0
DA:246,0
DA:261,0
DA:262,0
DA:263,0
DA:264,0
DA:266,0
DA:267,0
DA:275,0
DA:280,0
DA:300,0
DA:315,0
DA:337,0
DA:359,0
DA:376,0
DA:389,0
DA:426,0
DA:442,0
DA:443,0
DA:444,0
DA:445,0
DA:447,0
DA:448,0
DA:463,0
DA:481,0
DA:482,0
DA:483,0
DA:484,0
DA:486,0
DA:487,0
DA:501,0
DA:517,0
DA:518,0
DA:519,0
DA:520,0
DA:522,0
DA:523,0
DA:531,0
DA:534,0
DA:536,0
DA:548,0
DA:587,0
DA:591,0
LF:82
LH:0
BRDA:15,0,0,0
BRDA:15,0,1,0
BRDA:15,1,0,0
BRDA:15,1,1,0
BRDA:20,2,0,0
BRDA:20,2,1,0
BRDA:20,2,2,0
BRDA:58,3,0,0
BRDA:58,3,1,0
BRDA:275,4,0,0
BRDA:275,4,1,0
BRDA:587,5,0,0
BRDA:587,5,1,0
BRF:13
BRH:0
end_of_record
TN:
SF:server/services/rate-limit.ts
FN:18,(anonymous_0)
FN:106,(anonymous_1)
FN:114,(anonymous_2)
FN:127,(anonymous_4)
FN:137,(anonymous_5)
FN:163,(anonymous_6)
FN:186,createCustomRateLimit
FN:211,shouldApplyRateLimit
FN:222,conditionalRateLimit
FN:223,(anonymous_10)
FN:232,createBypassableRateLimit
FN:233,(anonymous_12)
FNF:12
FNH:0
FNDA:0,(anonymous_0)
FNDA:0,(anonymous_1)
FNDA:0,(anonymous_2)
FNDA:0,(anonymous_4)
FNDA:0,(anonymous_5)
FNDA:0,(anonymous_6)
FNDA:0,createCustomRateLimit
FNDA:0,shouldApplyRateLimit
FNDA:0,conditionalRateLimit
FNDA:0,(anonymous_10)
FNDA:0,createBypassableRateLimit
FNDA:0,(anonymous_12)
DA:7,0
DA:19,0
DA:31,0
DA:101,0
DA:106,0
DA:114,0
DA:125,0
DA:129,0
DA:130,0
DA:132,0
DA:135,0
DA:138,0
DA:139,0
DA:142,0
DA:154,0
DA:164,0
DA:166,0
DA:178,0
DA:194,0
DA:207,0
DA:208,0
DA:213,0
DA:214,0
DA:218,0
DA:223,0
DA:224,0
DA:225,0
DA:227,0
DA:233,0
DA:235,0
DA:236,0
DA:237,0
DA:239,0
DA:240,0
DA:243,0
LF:35
LH:0
BRDA:123,0,0,0
BRDA:130,1,0,0
BRDA:130,1,1,0
BRDA:132,2,0,0
BRDA:132,2,1,0
BRDA:135,3,0,0
BRDA:135,3,1,0
BRDA:139,4,0,0
BRDA:139,4,1,0
BRDA:143,5,0,0
BRDA:143,5,1,0
BRDA:145,6,0,0
BRDA:145,6,1,0
BRDA:213,7,0,0
BRDA:213,7,1,0
BRDA:224,8,0,0
BRDA:224,8,1,0
BRDA:239,9,0,0
BRDA:239,9,1,0
BRDA:239,10,0,0
BRDA:239,10,1,0
BRDA:239,10,2,0
BRF:22
BRH:0
end_of_record
TN:
SF:server/services/stripe.ts
FN:12,(anonymous_0)
FN:19,(anonymous_1)
FN:68,(anonymous_2)
FN:104,(anonymous_3)
FN:126,(anonymous_4)
FN:159,(anonymous_5)
FN:201,(anonymous_6)
FN:214,(anonymous_7)
FNF:8
FNH:0
FNDA:0,(anonymous_0)
FNDA:0,(anonymous_1)
FNDA:0,(anonymous_2)
FNDA:0,(anonymous_3)
FNDA:0,(anonymous_4)
FNDA:0,(anonymous_5)
FNDA:0,(anonymous_6)
FNDA:0,(anonymous_7)
DA:5,0
DA:13,0
DA:20,0
DA:22,0
DA:32,0
DA:33,0
DA:37,0
DA:38,0
DA:42,0
DA:53,0
DA:58,0
DA:60,0
DA:61,0
DA:74,0
DA:75,0
DA:77,0
DA:94,0
DA:96,0
DA:97,0
DA:108,0
DA:109,0
DA:111,0
DA:116,0
DA:118,0
DA:119,0
DA:127,0
DA:128,0
DA:139,0
DA:140,0
DA:143,0
DA:151,0
DA:152,0
DA:163,0
DA:164,0
DA:167,0
DA:171,0
DA:172,0
DA:173,0
DA:177,0
DA:180,0
DA:191,0
DA:193,0
DA:194,0
DA:202,0
DA:203,0
DA:204,0
DA:206,0
DA:207,0
DA:215,0
DA:216,0
DA:224,0
DA:225,0
DA:229,0
DA:230,0
DA:234,0
DA:236,0
DA:237,0
LF:57
LH:0
BRDA:32,0,0,0
BRDA:32,0,1,0
BRDA:37,1,0,0
BRDA:37,1,1,0
BRDA:43,2,0,0
BRDA:43,2,1,0
BRDA:44,3,0,0
BRDA:44,3,1,0
BRDA:44,4,0,0
BRDA:44,4,1,0
BRDA:139,5,0,0
BRDA:139,5,1,0
BRDA:171,6,0,0
BRDA:171,6,1,0
BRDA:177,7,0,0
BRDA:177,7,1,0
BRDA:224,8,0,0
BRDA:224,8,1,0
BRDA:230,9,0,0
BRDA:230,9,1,0
BRDA:234,10,0,0
BRDA:234,10,1,0
BRF:22
BRH:0
end_of_record
TN:
SF:shared/validation.ts
FNF:0
FNH:0
DA:3,0
DA:6,0
DA:7,0
DA:8,0
DA:9,0
DA:12,0
DA:26,0
DA:35,0
DA:46,0
DA:55,0
DA:62,0
DA:63,0
DA:64,0
DA:65,0
DA:66,0
LF:15
LH:0
BRF:0
BRH:0
end_of_record
